The system is: Darwin - 15.6.0 - x86_64
Compiling the CXX compiler identification source file "CMakeCXXCompilerId.cpp" succeeded.
Compiler: /Users/vrajagopal/opencmiss/install/x86_64_darwin/clang-7.3-F6.1/mpi/openmpi/debug/bin/mpicxx 
Build flags: 
Id flags: 

The output was:
0


Compilation of the CXX compiler identification source "CMakeCXXCompilerId.cpp" produced "a.out"

The CXX compiler identification is AppleClang, found in "/Users/vrajagopal/Documents/cell_migration/sims/opencmiss/Micropipette/build/mpi_verification/CXX/CMakeFiles/3.4.3/CompilerIdCXX/a.out"

Determining if the CXX compiler works passed with the following output:
Change Dir: /Users/vrajagopal/Documents/cell_migration/sims/opencmiss/Micropipette/build/mpi_verification/CXX/CMakeFiles/CMakeTmp

Run Build Command:"/usr/local/bin/gmake" "cmTC_5d630/fast"
/usr/local/bin/gmake -f CMakeFiles/cmTC_5d630.dir/build.make CMakeFiles/cmTC_5d630.dir/build
gmake[1]: Entering directory '/Users/vrajagopal/Documents/cell_migration/sims/opencmiss/Micropipette/build/mpi_verification/CXX/CMakeFiles/CMakeTmp'
Building CXX object CMakeFiles/cmTC_5d630.dir/testCXXCompiler.cxx.o
/Users/vrajagopal/opencmiss/install/x86_64_darwin/clang-7.3-F6.1/mpi/openmpi/debug/bin/mpicxx      -o CMakeFiles/cmTC_5d630.dir/testCXXCompiler.cxx.o -c /Users/vrajagopal/Documents/cell_migration/sims/opencmiss/Micropipette/build/mpi_verification/CXX/CMakeFiles/CMakeTmp/testCXXCompiler.cxx
Linking CXX executable cmTC_5d630
/Applications/CMake.app/Contents/bin/cmake -E cmake_link_script CMakeFiles/cmTC_5d630.dir/link.txt --verbose=1
/Users/vrajagopal/opencmiss/install/x86_64_darwin/clang-7.3-F6.1/mpi/openmpi/debug/bin/mpicxx     -Wl,-search_paths_first -Wl,-headerpad_max_install_names   CMakeFiles/cmTC_5d630.dir/testCXXCompiler.cxx.o  -o cmTC_5d630  
gmake[1]: Leaving directory '/Users/vrajagopal/Documents/cell_migration/sims/opencmiss/Micropipette/build/mpi_verification/CXX/CMakeFiles/CMakeTmp'


Detecting CXX compiler ABI info compiled with the following output:
Change Dir: /Users/vrajagopal/Documents/cell_migration/sims/opencmiss/Micropipette/build/mpi_verification/CXX/CMakeFiles/CMakeTmp

Run Build Command:"/usr/local/bin/gmake" "cmTC_a1316/fast"
/usr/local/bin/gmake -f CMakeFiles/cmTC_a1316.dir/build.make CMakeFiles/cmTC_a1316.dir/build
gmake[1]: Entering directory '/Users/vrajagopal/Documents/cell_migration/sims/opencmiss/Micropipette/build/mpi_verification/CXX/CMakeFiles/CMakeTmp'
Building CXX object CMakeFiles/cmTC_a1316.dir/CMakeCXXCompilerABI.cpp.o
/Users/vrajagopal/opencmiss/install/x86_64_darwin/clang-7.3-F6.1/mpi/openmpi/debug/bin/mpicxx      -o CMakeFiles/cmTC_a1316.dir/CMakeCXXCompilerABI.cpp.o -c /Applications/CMake.app/Contents/share/cmake-3.4/Modules/CMakeCXXCompilerABI.cpp
Linking CXX executable cmTC_a1316
/Applications/CMake.app/Contents/bin/cmake -E cmake_link_script CMakeFiles/cmTC_a1316.dir/link.txt --verbose=1
/Users/vrajagopal/opencmiss/install/x86_64_darwin/clang-7.3-F6.1/mpi/openmpi/debug/bin/mpicxx     -Wl,-search_paths_first -Wl,-headerpad_max_install_names  -v -Wl,-v CMakeFiles/cmTC_a1316.dir/CMakeCXXCompilerABI.cpp.o  -o cmTC_a1316   
Apple LLVM version 7.3.0 (clang-703.0.31)
Target: x86_64-apple-darwin15.6.0
Thread model: posix
InstalledDir: /Applications/Xcode.app/Contents/Developer/Toolchains/XcodeDefault.xctoolchain/usr/bin
 "/Applications/Xcode.app/Contents/Developer/Toolchains/XcodeDefault.xctoolchain/usr/bin/ld" -demangle -dynamic -arch x86_64 -macosx_version_min 10.11.0 -o cmTC_a1316 -L/Users/vrajagopal/opencmiss/install/x86_64_darwin/clang-7.3-F6.1/mpi/openmpi/debug/lib -search_paths_first -headerpad_max_install_names -v CMakeFiles/cmTC_a1316.dir/CMakeCXXCompilerABI.cpp.o -lmpi_cxx -lmpi -lc++ -lSystem /Applications/Xcode.app/Contents/Developer/Toolchains/XcodeDefault.xctoolchain/usr/bin/../lib/clang/7.3.0/lib/darwin/libclang_rt.osx.a
@(#)PROGRAM:ld  PROJECT:ld64-264.3.102
configured to support archs: armv6 armv7 armv7s arm64 i386 x86_64 x86_64h armv6m armv7k armv7m armv7em (tvOS)
Library search paths:
	/Users/vrajagopal/opencmiss/install/x86_64_darwin/clang-7.3-F6.1/mpi/openmpi/debug/lib
	/usr/lib
	/usr/local/lib
Framework search paths:
	/Library/Frameworks/
	/System/Library/Frameworks/
gmake[1]: Leaving directory '/Users/vrajagopal/Documents/cell_migration/sims/opencmiss/Micropipette/build/mpi_verification/CXX/CMakeFiles/CMakeTmp'


Parsed CXX implicit link information from above output:
  link line regex: [^( *|.*[/\])(ld|([^/\]+-)?ld|collect2)[^/\]*( |$)]
  ignore line: [Change Dir: /Users/vrajagopal/Documents/cell_migration/sims/opencmiss/Micropipette/build/mpi_verification/CXX/CMakeFiles/CMakeTmp]
  ignore line: []
  ignore line: [Run Build Command:"/usr/local/bin/gmake" "cmTC_a1316/fast"]
  ignore line: [/usr/local/bin/gmake -f CMakeFiles/cmTC_a1316.dir/build.make CMakeFiles/cmTC_a1316.dir/build]
  ignore line: [gmake[1]: Entering directory '/Users/vrajagopal/Documents/cell_migration/sims/opencmiss/Micropipette/build/mpi_verification/CXX/CMakeFiles/CMakeTmp']
  ignore line: [Building CXX object CMakeFiles/cmTC_a1316.dir/CMakeCXXCompilerABI.cpp.o]
  ignore line: [/Users/vrajagopal/opencmiss/install/x86_64_darwin/clang-7.3-F6.1/mpi/openmpi/debug/bin/mpicxx      -o CMakeFiles/cmTC_a1316.dir/CMakeCXXCompilerABI.cpp.o -c /Applications/CMake.app/Contents/share/cmake-3.4/Modules/CMakeCXXCompilerABI.cpp]
  ignore line: [Linking CXX executable cmTC_a1316]
  ignore line: [/Applications/CMake.app/Contents/bin/cmake -E cmake_link_script CMakeFiles/cmTC_a1316.dir/link.txt --verbose=1]
  ignore line: [/Users/vrajagopal/opencmiss/install/x86_64_darwin/clang-7.3-F6.1/mpi/openmpi/debug/bin/mpicxx     -Wl,-search_paths_first -Wl,-headerpad_max_install_names  -v -Wl,-v CMakeFiles/cmTC_a1316.dir/CMakeCXXCompilerABI.cpp.o  -o cmTC_a1316   ]
  ignore line: [Apple LLVM version 7.3.0 (clang-703.0.31)]
  ignore line: [Target: x86_64-apple-darwin15.6.0]
  ignore line: [Thread model: posix]
  ignore line: [InstalledDir: /Applications/Xcode.app/Contents/Developer/Toolchains/XcodeDefault.xctoolchain/usr/bin]
  link line: [ "/Applications/Xcode.app/Contents/Developer/Toolchains/XcodeDefault.xctoolchain/usr/bin/ld" -demangle -dynamic -arch x86_64 -macosx_version_min 10.11.0 -o cmTC_a1316 -L/Users/vrajagopal/opencmiss/install/x86_64_darwin/clang-7.3-F6.1/mpi/openmpi/debug/lib -search_paths_first -headerpad_max_install_names -v CMakeFiles/cmTC_a1316.dir/CMakeCXXCompilerABI.cpp.o -lmpi_cxx -lmpi -lc++ -lSystem /Applications/Xcode.app/Contents/Developer/Toolchains/XcodeDefault.xctoolchain/usr/bin/../lib/clang/7.3.0/lib/darwin/libclang_rt.osx.a]
    arg [/Applications/Xcode.app/Contents/Developer/Toolchains/XcodeDefault.xctoolchain/usr/bin/ld] ==> ignore
    arg [-demangle] ==> ignore
    arg [-dynamic] ==> ignore
    arg [-arch] ==> ignore
    arg [x86_64] ==> ignore
    arg [-macosx_version_min] ==> ignore
    arg [10.11.0] ==> ignore
    arg [-o] ==> ignore
    arg [cmTC_a1316] ==> ignore
    arg [-L/Users/vrajagopal/opencmiss/install/x86_64_darwin/clang-7.3-F6.1/mpi/openmpi/debug/lib] ==> dir [/Users/vrajagopal/opencmiss/install/x86_64_darwin/clang-7.3-F6.1/mpi/openmpi/debug/lib]
    arg [-search_paths_first] ==> ignore
    arg [-headerpad_max_install_names] ==> ignore
    arg [-v] ==> ignore
    arg [CMakeFiles/cmTC_a1316.dir/CMakeCXXCompilerABI.cpp.o] ==> ignore
    arg [-lmpi_cxx] ==> lib [mpi_cxx]
    arg [-lmpi] ==> lib [mpi]
    arg [-lc++] ==> lib [c++]
    arg [-lSystem] ==> lib [System]
    arg [/Applications/Xcode.app/Contents/Developer/Toolchains/XcodeDefault.xctoolchain/usr/bin/../lib/clang/7.3.0/lib/darwin/libclang_rt.osx.a] ==> lib [/Applications/Xcode.app/Contents/Developer/Toolchains/XcodeDefault.xctoolchain/usr/bin/../lib/clang/7.3.0/lib/darwin/libclang_rt.osx.a]
  Library search paths: [;/Users/vrajagopal/opencmiss/install/x86_64_darwin/clang-7.3-F6.1/mpi/openmpi/debug/lib;/usr/lib;/usr/local/lib]
  Framework search paths: [;/Library/Frameworks/;/System/Library/Frameworks/]
  remove lib [System]
  collapse lib [/Applications/Xcode.app/Contents/Developer/Toolchains/XcodeDefault.xctoolchain/usr/bin/../lib/clang/7.3.0/lib/darwin/libclang_rt.osx.a] ==> [/Applications/Xcode.app/Contents/Developer/Toolchains/XcodeDefault.xctoolchain/usr/lib/clang/7.3.0/lib/darwin/libclang_rt.osx.a]
  collapse library dir [/Users/vrajagopal/opencmiss/install/x86_64_darwin/clang-7.3-F6.1/mpi/openmpi/debug/lib] ==> [/Users/vrajagopal/opencmiss/install/x86_64_darwin/clang-7.3-F6.1/mpi/openmpi/debug/lib]
  collapse library dir [/Users/vrajagopal/opencmiss/install/x86_64_darwin/clang-7.3-F6.1/mpi/openmpi/debug/lib] ==> [/Users/vrajagopal/opencmiss/install/x86_64_darwin/clang-7.3-F6.1/mpi/openmpi/debug/lib]
  collapse library dir [/usr/lib] ==> [/usr/lib]
  collapse library dir [/usr/local/lib] ==> [/usr/local/lib]
  collapse framework dir [/Library/Frameworks/] ==> [/Library/Frameworks]
  collapse framework dir [/System/Library/Frameworks/] ==> [/System/Library/Frameworks]
  implicit libs: [mpi_cxx;mpi;c++;/Applications/Xcode.app/Contents/Developer/Toolchains/XcodeDefault.xctoolchain/usr/lib/clang/7.3.0/lib/darwin/libclang_rt.osx.a]
  implicit dirs: [/Users/vrajagopal/opencmiss/install/x86_64_darwin/clang-7.3-F6.1/mpi/openmpi/debug/lib;/usr/lib;/usr/local/lib]
  implicit fwks: [/Library/Frameworks;/System/Library/Frameworks]




Detecting CXX [-std=c++14] compiler features compiled with the following output:
Change Dir: /Users/vrajagopal/Documents/cell_migration/sims/opencmiss/Micropipette/build/mpi_verification/CXX/CMakeFiles/CMakeTmp

Run Build Command:"/usr/local/bin/gmake" "cmTC_f8ea9/fast"
/usr/local/bin/gmake -f CMakeFiles/cmTC_f8ea9.dir/build.make CMakeFiles/cmTC_f8ea9.dir/build
gmake[1]: Entering directory '/Users/vrajagopal/Documents/cell_migration/sims/opencmiss/Micropipette/build/mpi_verification/CXX/CMakeFiles/CMakeTmp'
Building CXX object CMakeFiles/cmTC_f8ea9.dir/feature_tests.cxx.o
/Users/vrajagopal/opencmiss/install/x86_64_darwin/clang-7.3-F6.1/mpi/openmpi/debug/bin/mpicxx     -std=c++14 -o CMakeFiles/cmTC_f8ea9.dir/feature_tests.cxx.o -c /Users/vrajagopal/Documents/cell_migration/sims/opencmiss/Micropipette/build/mpi_verification/CXX/CMakeFiles/feature_tests.cxx
Linking CXX executable cmTC_f8ea9
/Applications/CMake.app/Contents/bin/cmake -E cmake_link_script CMakeFiles/cmTC_f8ea9.dir/link.txt --verbose=1
/Users/vrajagopal/opencmiss/install/x86_64_darwin/clang-7.3-F6.1/mpi/openmpi/debug/bin/mpicxx     -Wl,-search_paths_first -Wl,-headerpad_max_install_names   CMakeFiles/cmTC_f8ea9.dir/feature_tests.cxx.o  -o cmTC_f8ea9  
gmake[1]: Leaving directory '/Users/vrajagopal/Documents/cell_migration/sims/opencmiss/Micropipette/build/mpi_verification/CXX/CMakeFiles/CMakeTmp'


    Feature record: CXX_FEATURE:1cxx_aggregate_default_initializers
    Feature record: CXX_FEATURE:1cxx_alias_templates
    Feature record: CXX_FEATURE:1cxx_alignas
    Feature record: CXX_FEATURE:1cxx_alignof
    Feature record: CXX_FEATURE:1cxx_attributes
    Feature record: CXX_FEATURE:1cxx_attribute_deprecated
    Feature record: CXX_FEATURE:1cxx_auto_type
    Feature record: CXX_FEATURE:1cxx_binary_literals
    Feature record: CXX_FEATURE:1cxx_constexpr
    Feature record: CXX_FEATURE:1cxx_contextual_conversions
    Feature record: CXX_FEATURE:1cxx_decltype
    Feature record: CXX_FEATURE:1cxx_decltype_auto
    Feature record: CXX_FEATURE:1cxx_decltype_incomplete_return_types
    Feature record: CXX_FEATURE:1cxx_default_function_template_args
    Feature record: CXX_FEATURE:1cxx_defaulted_functions
    Feature record: CXX_FEATURE:1cxx_defaulted_move_initializers
    Feature record: CXX_FEATURE:1cxx_delegating_constructors
    Feature record: CXX_FEATURE:1cxx_deleted_functions
    Feature record: CXX_FEATURE:1cxx_digit_separators
    Feature record: CXX_FEATURE:1cxx_enum_forward_declarations
    Feature record: CXX_FEATURE:1cxx_explicit_conversions
    Feature record: CXX_FEATURE:1cxx_extended_friend_declarations
    Feature record: CXX_FEATURE:1cxx_extern_templates
    Feature record: CXX_FEATURE:1cxx_final
    Feature record: CXX_FEATURE:1cxx_func_identifier
    Feature record: CXX_FEATURE:1cxx_generalized_initializers
    Feature record: CXX_FEATURE:1cxx_generic_lambdas
    Feature record: CXX_FEATURE:1cxx_inheriting_constructors
    Feature record: CXX_FEATURE:1cxx_inline_namespaces
    Feature record: CXX_FEATURE:1cxx_lambdas
    Feature record: CXX_FEATURE:1cxx_lambda_init_captures
    Feature record: CXX_FEATURE:1cxx_local_type_template_args
    Feature record: CXX_FEATURE:1cxx_long_long_type
    Feature record: CXX_FEATURE:1cxx_noexcept
    Feature record: CXX_FEATURE:1cxx_nonstatic_member_init
    Feature record: CXX_FEATURE:1cxx_nullptr
    Feature record: CXX_FEATURE:1cxx_override
    Feature record: CXX_FEATURE:1cxx_range_for
    Feature record: CXX_FEATURE:1cxx_raw_string_literals
    Feature record: CXX_FEATURE:1cxx_reference_qualified_functions
    Feature record: CXX_FEATURE:1cxx_relaxed_constexpr
    Feature record: CXX_FEATURE:1cxx_return_type_deduction
    Feature record: CXX_FEATURE:1cxx_right_angle_brackets
    Feature record: CXX_FEATURE:1cxx_rvalue_references
    Feature record: CXX_FEATURE:1cxx_sizeof_member
    Feature record: CXX_FEATURE:1cxx_static_assert
    Feature record: CXX_FEATURE:1cxx_strong_enums
    Feature record: CXX_FEATURE:1cxx_template_template_parameters
    Feature record: CXX_FEATURE:0cxx_thread_local
    Feature record: CXX_FEATURE:1cxx_trailing_return_types
    Feature record: CXX_FEATURE:1cxx_unicode_literals
    Feature record: CXX_FEATURE:1cxx_uniform_initialization
    Feature record: CXX_FEATURE:1cxx_unrestricted_unions
    Feature record: CXX_FEATURE:1cxx_user_literals
    Feature record: CXX_FEATURE:1cxx_variable_templates
    Feature record: CXX_FEATURE:1cxx_variadic_macros
    Feature record: CXX_FEATURE:1cxx_variadic_templates


Detecting CXX [-std=c++11] compiler features compiled with the following output:
Change Dir: /Users/vrajagopal/Documents/cell_migration/sims/opencmiss/Micropipette/build/mpi_verification/CXX/CMakeFiles/CMakeTmp

Run Build Command:"/usr/local/bin/gmake" "cmTC_82e26/fast"
/usr/local/bin/gmake -f CMakeFiles/cmTC_82e26.dir/build.make CMakeFiles/cmTC_82e26.dir/build
gmake[1]: Entering directory '/Users/vrajagopal/Documents/cell_migration/sims/opencmiss/Micropipette/build/mpi_verification/CXX/CMakeFiles/CMakeTmp'
Building CXX object CMakeFiles/cmTC_82e26.dir/feature_tests.cxx.o
/Users/vrajagopal/opencmiss/install/x86_64_darwin/clang-7.3-F6.1/mpi/openmpi/debug/bin/mpicxx     -std=c++11 -o CMakeFiles/cmTC_82e26.dir/feature_tests.cxx.o -c /Users/vrajagopal/Documents/cell_migration/sims/opencmiss/Micropipette/build/mpi_verification/CXX/CMakeFiles/feature_tests.cxx
Linking CXX executable cmTC_82e26
/Applications/CMake.app/Contents/bin/cmake -E cmake_link_script CMakeFiles/cmTC_82e26.dir/link.txt --verbose=1
/Users/vrajagopal/opencmiss/install/x86_64_darwin/clang-7.3-F6.1/mpi/openmpi/debug/bin/mpicxx     -Wl,-search_paths_first -Wl,-headerpad_max_install_names   CMakeFiles/cmTC_82e26.dir/feature_tests.cxx.o  -o cmTC_82e26  
gmake[1]: Leaving directory '/Users/vrajagopal/Documents/cell_migration/sims/opencmiss/Micropipette/build/mpi_verification/CXX/CMakeFiles/CMakeTmp'


    Feature record: CXX_FEATURE:0cxx_aggregate_default_initializers
    Feature record: CXX_FEATURE:1cxx_alias_templates
    Feature record: CXX_FEATURE:1cxx_alignas
    Feature record: CXX_FEATURE:1cxx_alignof
    Feature record: CXX_FEATURE:1cxx_attributes
    Feature record: CXX_FEATURE:0cxx_attribute_deprecated
    Feature record: CXX_FEATURE:1cxx_auto_type
    Feature record: CXX_FEATURE:0cxx_binary_literals
    Feature record: CXX_FEATURE:1cxx_constexpr
    Feature record: CXX_FEATURE:0cxx_contextual_conversions
    Feature record: CXX_FEATURE:1cxx_decltype
    Feature record: CXX_FEATURE:0cxx_decltype_auto
    Feature record: CXX_FEATURE:1cxx_decltype_incomplete_return_types
    Feature record: CXX_FEATURE:1cxx_default_function_template_args
    Feature record: CXX_FEATURE:1cxx_defaulted_functions
    Feature record: CXX_FEATURE:1cxx_defaulted_move_initializers
    Feature record: CXX_FEATURE:1cxx_delegating_constructors
    Feature record: CXX_FEATURE:1cxx_deleted_functions
    Feature record: CXX_FEATURE:0cxx_digit_separators
    Feature record: CXX_FEATURE:1cxx_enum_forward_declarations
    Feature record: CXX_FEATURE:1cxx_explicit_conversions
    Feature record: CXX_FEATURE:1cxx_extended_friend_declarations
    Feature record: CXX_FEATURE:1cxx_extern_templates
    Feature record: CXX_FEATURE:1cxx_final
    Feature record: CXX_FEATURE:1cxx_func_identifier
    Feature record: CXX_FEATURE:1cxx_generalized_initializers
    Feature record: CXX_FEATURE:0cxx_generic_lambdas
    Feature record: CXX_FEATURE:1cxx_inheriting_constructors
    Feature record: CXX_FEATURE:1cxx_inline_namespaces
    Feature record: CXX_FEATURE:1cxx_lambdas
    Feature record: CXX_FEATURE:0cxx_lambda_init_captures
    Feature record: CXX_FEATURE:1cxx_local_type_template_args
    Feature record: CXX_FEATURE:1cxx_long_long_type
    Feature record: CXX_FEATURE:1cxx_noexcept
    Feature record: CXX_FEATURE:1cxx_nonstatic_member_init
    Feature record: CXX_FEATURE:1cxx_nullptr
    Feature record: CXX_FEATURE:1cxx_override
    Feature record: CXX_FEATURE:1cxx_range_for
    Feature record: CXX_FEATURE:1cxx_raw_string_literals
    Feature record: CXX_FEATURE:1cxx_reference_qualified_functions
    Feature record: CXX_FEATURE:0cxx_relaxed_constexpr
    Feature record: CXX_FEATURE:0cxx_return_type_deduction
    Feature record: CXX_FEATURE:1cxx_right_angle_brackets
    Feature record: CXX_FEATURE:1cxx_rvalue_references
    Feature record: CXX_FEATURE:1cxx_sizeof_member
    Feature record: CXX_FEATURE:1cxx_static_assert
    Feature record: CXX_FEATURE:1cxx_strong_enums
    Feature record: CXX_FEATURE:1cxx_template_template_parameters
    Feature record: CXX_FEATURE:0cxx_thread_local
    Feature record: CXX_FEATURE:1cxx_trailing_return_types
    Feature record: CXX_FEATURE:1cxx_unicode_literals
    Feature record: CXX_FEATURE:1cxx_uniform_initialization
    Feature record: CXX_FEATURE:1cxx_unrestricted_unions
    Feature record: CXX_FEATURE:1cxx_user_literals
    Feature record: CXX_FEATURE:0cxx_variable_templates
    Feature record: CXX_FEATURE:1cxx_variadic_macros
    Feature record: CXX_FEATURE:1cxx_variadic_templates


Detecting CXX [-std=c++98] compiler features compiled with the following output:
Change Dir: /Users/vrajagopal/Documents/cell_migration/sims/opencmiss/Micropipette/build/mpi_verification/CXX/CMakeFiles/CMakeTmp

Run Build Command:"/usr/local/bin/gmake" "cmTC_c8247/fast"
/usr/local/bin/gmake -f CMakeFiles/cmTC_c8247.dir/build.make CMakeFiles/cmTC_c8247.dir/build
gmake[1]: Entering directory '/Users/vrajagopal/Documents/cell_migration/sims/opencmiss/Micropipette/build/mpi_verification/CXX/CMakeFiles/CMakeTmp'
Building CXX object CMakeFiles/cmTC_c8247.dir/feature_tests.cxx.o
/Users/vrajagopal/opencmiss/install/x86_64_darwin/clang-7.3-F6.1/mpi/openmpi/debug/bin/mpicxx     -std=c++98 -o CMakeFiles/cmTC_c8247.dir/feature_tests.cxx.o -c /Users/vrajagopal/Documents/cell_migration/sims/opencmiss/Micropipette/build/mpi_verification/CXX/CMakeFiles/feature_tests.cxx
Linking CXX executable cmTC_c8247
/Applications/CMake.app/Contents/bin/cmake -E cmake_link_script CMakeFiles/cmTC_c8247.dir/link.txt --verbose=1
/Users/vrajagopal/opencmiss/install/x86_64_darwin/clang-7.3-F6.1/mpi/openmpi/debug/bin/mpicxx     -Wl,-search_paths_first -Wl,-headerpad_max_install_names   CMakeFiles/cmTC_c8247.dir/feature_tests.cxx.o  -o cmTC_c8247  
gmake[1]: Leaving directory '/Users/vrajagopal/Documents/cell_migration/sims/opencmiss/Micropipette/build/mpi_verification/CXX/CMakeFiles/CMakeTmp'


    Feature record: CXX_FEATURE:0cxx_aggregate_default_initializers
    Feature record: CXX_FEATURE:0cxx_alias_templates
    Feature record: CXX_FEATURE:0cxx_alignas
    Feature record: CXX_FEATURE:0cxx_alignof
    Feature record: CXX_FEATURE:0cxx_attributes
    Feature record: CXX_FEATURE:0cxx_attribute_deprecated
    Feature record: CXX_FEATURE:0cxx_auto_type
    Feature record: CXX_FEATURE:0cxx_binary_literals
    Feature record: CXX_FEATURE:0cxx_constexpr
    Feature record: CXX_FEATURE:0cxx_contextual_conversions
    Feature record: CXX_FEATURE:0cxx_decltype
    Feature record: CXX_FEATURE:0cxx_decltype_auto
    Feature record: CXX_FEATURE:0cxx_decltype_incomplete_return_types
    Feature record: CXX_FEATURE:0cxx_default_function_template_args
    Feature record: CXX_FEATURE:0cxx_defaulted_functions
    Feature record: CXX_FEATURE:0cxx_defaulted_move_initializers
    Feature record: CXX_FEATURE:0cxx_delegating_constructors
    Feature record: CXX_FEATURE:0cxx_deleted_functions
    Feature record: CXX_FEATURE:0cxx_digit_separators
    Feature record: CXX_FEATURE:0cxx_enum_forward_declarations
    Feature record: CXX_FEATURE:0cxx_explicit_conversions
    Feature record: CXX_FEATURE:0cxx_extended_friend_declarations
    Feature record: CXX_FEATURE:0cxx_extern_templates
    Feature record: CXX_FEATURE:0cxx_final
    Feature record: CXX_FEATURE:0cxx_func_identifier
    Feature record: CXX_FEATURE:0cxx_generalized_initializers
    Feature record: CXX_FEATURE:0cxx_generic_lambdas
    Feature record: CXX_FEATURE:0cxx_inheriting_constructors
    Feature record: CXX_FEATURE:0cxx_inline_namespaces
    Feature record: CXX_FEATURE:0cxx_lambdas
    Feature record: CXX_FEATURE:0cxx_lambda_init_captures
    Feature record: CXX_FEATURE:0cxx_local_type_template_args
    Feature record: CXX_FEATURE:0cxx_long_long_type
    Feature record: CXX_FEATURE:0cxx_noexcept
    Feature record: CXX_FEATURE:0cxx_nonstatic_member_init
    Feature record: CXX_FEATURE:0cxx_nullptr
    Feature record: CXX_FEATURE:0cxx_override
    Feature record: CXX_FEATURE:0cxx_range_for
    Feature record: CXX_FEATURE:0cxx_raw_string_literals
    Feature record: CXX_FEATURE:0cxx_reference_qualified_functions
    Feature record: CXX_FEATURE:0cxx_relaxed_constexpr
    Feature record: CXX_FEATURE:0cxx_return_type_deduction
    Feature record: CXX_FEATURE:0cxx_right_angle_brackets
    Feature record: CXX_FEATURE:0cxx_rvalue_references
    Feature record: CXX_FEATURE:0cxx_sizeof_member
    Feature record: CXX_FEATURE:0cxx_static_assert
    Feature record: CXX_FEATURE:0cxx_strong_enums
    Feature record: CXX_FEATURE:1cxx_template_template_parameters
    Feature record: CXX_FEATURE:0cxx_thread_local
    Feature record: CXX_FEATURE:0cxx_trailing_return_types
    Feature record: CXX_FEATURE:0cxx_unicode_literals
    Feature record: CXX_FEATURE:0cxx_uniform_initialization
    Feature record: CXX_FEATURE:0cxx_unrestricted_unions
    Feature record: CXX_FEATURE:0cxx_user_literals
    Feature record: CXX_FEATURE:0cxx_variable_templates
    Feature record: CXX_FEATURE:0cxx_variadic_macros
    Feature record: CXX_FEATURE:0cxx_variadic_templates
