The system is: Darwin - 15.6.0 - x86_64
Compiling the Fortran compiler identification source file "CMakeFortranCompilerId.F" succeeded.
Compiler: /usr/local/bin/gfortran 
Build flags: 
Id flags: -v

The output was:
0
Driving: /usr/local/bin/gfortran -v CMakeFortranCompilerId.F -mmacosx-version-min=10.11.6 -l gfortran -shared-libgcc
Using built-in specs.
COLLECT_GCC=/usr/local/bin/gfortran
COLLECT_LTO_WRAPPER=/usr/local/Cellar/gcc/6.1.0/libexec/gcc/x86_64-apple-darwin15.5.0/6.1.0/lto-wrapper
Target: x86_64-apple-darwin15.5.0
Configured with: ../configure --build=x86_64-apple-darwin15.5.0 --prefix=/usr/local/Cellar/gcc/6.1.0 --libdir=/usr/local/Cellar/gcc/6.1.0/lib/gcc/6 --enable-languages=c,c++,objc,obj-c++,fortran --program-suffix=-6 --with-gmp=/usr/local/opt/gmp --with-mpfr=/usr/local/opt/mpfr --with-mpc=/usr/local/opt/libmpc --with-isl=/usr/local/opt/isl --with-system-zlib --enable-libstdcxx-time=yes --enable-stage1-checking --enable-checking=release --enable-lto --with-build-config=bootstrap-debug --disable-werror --with-pkgversion='Homebrew gcc 6.1.0' --with-bugurl=https://github.com/Homebrew/homebrew/issues --enable-plugin --disable-nls --enable-multilib
Thread model: posix
gcc version 6.1.0 (Homebrew gcc 6.1.0) 
COLLECT_GCC_OPTIONS='-v' '-mmacosx-version-min=10.11.6' '-shared-libgcc' '-mtune=core2'
 /usr/local/Cellar/gcc/6.1.0/libexec/gcc/x86_64-apple-darwin15.5.0/6.1.0/f951 CMakeFortranCompilerId.F -ffixed-form -cpp=/var/folders/3x/3xjwh099297110zbv3fd3sfc0000gt/T//ccSYSnHl.f90 -quiet -v -D__DYNAMIC__ CMakeFortranCompilerId.F -fPIC -quiet -dumpbase CMakeFortranCompilerId.F -mmacosx-version-min=10.11.6 -mtune=core2 -auxbase CMakeFortranCompilerId -version -fintrinsic-modules-path /usr/local/Cellar/gcc/6.1.0/lib/gcc/6/gcc/x86_64-apple-darwin15.5.0/6.1.0/finclude -o /var/folders/3x/3xjwh099297110zbv3fd3sfc0000gt/T//ccesV5Pk.s
GNU Fortran (Homebrew gcc 6.1.0) version 6.1.0 (x86_64-apple-darwin15.5.0)
	compiled by GNU C version 6.1.0, GMP version 6.1.0, MPFR version 3.1.4-p1, MPC version 1.0.3, isl version 0.15
warning: MPFR header version 3.1.4-p1 differs from library version 3.1.3-p2.
GGC heuristics: --param ggc-min-expand=100 --param ggc-min-heapsize=131072
ignoring nonexistent directory "/usr/local/Cellar/gcc/6.1.0/lib/gcc/6/gcc/x86_64-apple-darwin15.5.0/6.1.0/../../../../../../x86_64-apple-darwin15.5.0/include"
#include "..." search starts here:
#include <...> search starts here:
 /usr/local/Cellar/gcc/6.1.0/lib/gcc/6/gcc/x86_64-apple-darwin15.5.0/6.1.0/finclude
 /usr/local/Cellar/gcc/6.1.0/lib/gcc/6/gcc/x86_64-apple-darwin15.5.0/6.1.0/include
 /usr/local/include
 /usr/local/Cellar/gcc/6.1.0/include
 /usr/local/Cellar/gcc/6.1.0/lib/gcc/6/gcc/x86_64-apple-darwin15.5.0/6.1.0/include-fixed
 /usr/include
End of search list.
GNU Fortran2008 (Homebrew gcc 6.1.0) version 6.1.0 (x86_64-apple-darwin15.5.0)
	compiled by GNU C version 6.1.0, GMP version 6.1.0, MPFR version 3.1.4-p1, MPC version 1.0.3, isl version 0.15
warning: MPFR header version 3.1.4-p1 differs from library version 3.1.3-p2.
GGC heuristics: --param ggc-min-expand=100 --param ggc-min-heapsize=131072
COLLECT_GCC_OPTIONS='-v' '-mmacosx-version-min=10.11.6' '-shared-libgcc' '-mtune=core2'
 as -arch x86_64 -force_cpusubtype_ALL -o /var/folders/3x/3xjwh099297110zbv3fd3sfc0000gt/T//ccr568a1.o /var/folders/3x/3xjwh099297110zbv3fd3sfc0000gt/T//ccesV5Pk.s
Reading specs from /usr/local/Cellar/gcc/6.1.0/lib/gcc/6/gcc/x86_64-apple-darwin15.5.0/6.1.0/../../../libgfortran.spec
rename spec lib to liborig
COLLECT_GCC_OPTIONS='-v' '-mmacosx-version-min=10.11.6' '-shared-libgcc' '-mtune=core2'
COMPILER_PATH=/usr/local/Cellar/gcc/6.1.0/libexec/gcc/x86_64-apple-darwin15.5.0/6.1.0/:/usr/local/Cellar/gcc/6.1.0/libexec/gcc/x86_64-apple-darwin15.5.0/6.1.0/:/usr/local/Cellar/gcc/6.1.0/libexec/gcc/x86_64-apple-darwin15.5.0/:/usr/local/Cellar/gcc/6.1.0/lib/gcc/6/gcc/x86_64-apple-darwin15.5.0/6.1.0/:/usr/local/Cellar/gcc/6.1.0/lib/gcc/6/gcc/x86_64-apple-darwin15.5.0/
LIBRARY_PATH=/usr/local/Cellar/gcc/6.1.0/lib/gcc/6/gcc/x86_64-apple-darwin15.5.0/6.1.0/:/usr/local/Cellar/gcc/6.1.0/lib/gcc/6/gcc/x86_64-apple-darwin15.5.0/6.1.0/../../../
COLLECT_GCC_OPTIONS='-v' '-mmacosx-version-min=10.11.6' '-shared-libgcc' '-mtune=core2'
 /usr/local/Cellar/gcc/6.1.0/libexec/gcc/x86_64-apple-darwin15.5.0/6.1.0/collect2 -dynamic -arch x86_64 -macosx_version_min 10.11.6 -weak_reference_mismatches non-weak -o a.out -L/usr/local/Cellar/gcc/6.1.0/lib/gcc/6/gcc/x86_64-apple-darwin15.5.0/6.1.0 -L/usr/local/Cellar/gcc/6.1.0/lib/gcc/6/gcc/x86_64-apple-darwin15.5.0/6.1.0/../../.. /var/folders/3x/3xjwh099297110zbv3fd3sfc0000gt/T//ccr568a1.o -lgfortran -no_compact_unwind -lSystem -lgcc_ext.10.5 -lgcc -lquadmath -lm -lgcc_ext.10.5 -lgcc -lSystem -v
collect2 version 6.1.0
/usr/bin/ld -dynamic -arch x86_64 -macosx_version_min 10.11.6 -weak_reference_mismatches non-weak -o a.out -L/usr/local/Cellar/gcc/6.1.0/lib/gcc/6/gcc/x86_64-apple-darwin15.5.0/6.1.0 -L/usr/local/Cellar/gcc/6.1.0/lib/gcc/6/gcc/x86_64-apple-darwin15.5.0/6.1.0/../../.. /var/folders/3x/3xjwh099297110zbv3fd3sfc0000gt/T//ccr568a1.o -lgfortran -no_compact_unwind -lSystem -lgcc_ext.10.5 -lgcc -lquadmath -lm -lgcc_ext.10.5 -lgcc -lSystem -v
@(#)PROGRAM:ld  PROJECT:ld64-264.3.102
configured to support archs: armv6 armv7 armv7s arm64 i386 x86_64 x86_64h armv6m armv7k armv7m armv7em (tvOS)
Library search paths:
	/usr/local/Cellar/gcc/6.1.0/lib/gcc/6/gcc/x86_64-apple-darwin15.5.0/6.1.0
	/usr/local/Cellar/gcc/6.1.0/lib/gcc/6
	/usr/lib
	/usr/local/lib
Framework search paths:
	/Library/Frameworks/
	/System/Library/Frameworks/
 /usr/bin/nm -n /var/folders/3x/3xjwh099297110zbv3fd3sfc0000gt/T//ccr568a1.o


Compilation of the Fortran compiler identification source "CMakeFortranCompilerId.F" produced "a.out"

The Fortran compiler identification is GNU, found in "/Users/vrajagopal/Documents/cell_migration/sims/opencmiss/Micropipette/build/CMakeFiles/3.4.3/CompilerIdFortran/a.out"

Compiling the C compiler identification source file "CMakeCCompilerId.c" succeeded.
Compiler: /Applications/Xcode.app/Contents/Developer/Toolchains/XcodeDefault.xctoolchain/usr/bin/cc 
Build flags: 
Id flags: 

The output was:
0


Compilation of the C compiler identification source "CMakeCCompilerId.c" produced "a.out"

The C compiler identification is AppleClang, found in "/Users/vrajagopal/Documents/cell_migration/sims/opencmiss/Micropipette/build/CMakeFiles/3.4.3/CompilerIdC/a.out"

Compiling the CXX compiler identification source file "CMakeCXXCompilerId.cpp" succeeded.
Compiler: /Applications/Xcode.app/Contents/Developer/Toolchains/XcodeDefault.xctoolchain/usr/bin/c++ 
Build flags: 
Id flags: 

The output was:
0


Compilation of the CXX compiler identification source "CMakeCXXCompilerId.cpp" produced "a.out"

The CXX compiler identification is AppleClang, found in "/Users/vrajagopal/Documents/cell_migration/sims/opencmiss/Micropipette/build/CMakeFiles/3.4.3/CompilerIdCXX/a.out"

Determining if the Fortran compiler works passed with the following output:
Change Dir: /Users/vrajagopal/Documents/cell_migration/sims/opencmiss/Micropipette/build/CMakeFiles/CMakeTmp

Run Build Command:"/usr/local/bin/gmake" "cmTC_d6db7/fast"
/usr/local/bin/gmake -f CMakeFiles/cmTC_d6db7.dir/build.make CMakeFiles/cmTC_d6db7.dir/build
gmake[1]: Entering directory '/Users/vrajagopal/Documents/cell_migration/sims/opencmiss/Micropipette/build/CMakeFiles/CMakeTmp'
Building Fortran object CMakeFiles/cmTC_d6db7.dir/testFortranCompiler.f.o
/usr/local/bin/gfortran     -c /Users/vrajagopal/Documents/cell_migration/sims/opencmiss/Micropipette/build/CMakeFiles/CMakeTmp/testFortranCompiler.f -o CMakeFiles/cmTC_d6db7.dir/testFortranCompiler.f.o
Linking Fortran executable cmTC_d6db7
/Applications/CMake.app/Contents/bin/cmake -E cmake_link_script CMakeFiles/cmTC_d6db7.dir/link.txt --verbose=1
/usr/local/bin/gfortran       CMakeFiles/cmTC_d6db7.dir/testFortranCompiler.f.o  -o cmTC_d6db7  
gmake[1]: Leaving directory '/Users/vrajagopal/Documents/cell_migration/sims/opencmiss/Micropipette/build/CMakeFiles/CMakeTmp'


Detecting Fortran compiler ABI info compiled with the following output:
Change Dir: /Users/vrajagopal/Documents/cell_migration/sims/opencmiss/Micropipette/build/CMakeFiles/CMakeTmp

Run Build Command:"/usr/local/bin/gmake" "cmTC_ea227/fast"
/usr/local/bin/gmake -f CMakeFiles/cmTC_ea227.dir/build.make CMakeFiles/cmTC_ea227.dir/build
gmake[1]: Entering directory '/Users/vrajagopal/Documents/cell_migration/sims/opencmiss/Micropipette/build/CMakeFiles/CMakeTmp'
Building Fortran object CMakeFiles/cmTC_ea227.dir/CMakeFortranCompilerABI.F.o
/usr/local/bin/gfortran     -c /Applications/CMake.app/Contents/share/cmake-3.4/Modules/CMakeFortranCompilerABI.F -o CMakeFiles/cmTC_ea227.dir/CMakeFortranCompilerABI.F.o
Linking Fortran executable cmTC_ea227
/Applications/CMake.app/Contents/bin/cmake -E cmake_link_script CMakeFiles/cmTC_ea227.dir/link.txt --verbose=1
/usr/local/bin/gfortran    -v -Wl,-v   CMakeFiles/cmTC_ea227.dir/CMakeFortranCompilerABI.F.o  -o cmTC_ea227   
Driving: /usr/local/bin/gfortran -v -Wl,-v CMakeFiles/cmTC_ea227.dir/CMakeFortranCompilerABI.F.o -o cmTC_ea227 -mmacosx-version-min=10.11.6 -l gfortran -shared-libgcc
Using built-in specs.
COLLECT_GCC=/usr/local/bin/gfortran
COLLECT_LTO_WRAPPER=/usr/local/Cellar/gcc/6.1.0/libexec/gcc/x86_64-apple-darwin15.5.0/6.1.0/lto-wrapper
Target: x86_64-apple-darwin15.5.0
Configured with: ../configure --build=x86_64-apple-darwin15.5.0 --prefix=/usr/local/Cellar/gcc/6.1.0 --libdir=/usr/local/Cellar/gcc/6.1.0/lib/gcc/6 --enable-languages=c,c++,objc,obj-c++,fortran --program-suffix=-6 --with-gmp=/usr/local/opt/gmp --with-mpfr=/usr/local/opt/mpfr --with-mpc=/usr/local/opt/libmpc --with-isl=/usr/local/opt/isl --with-system-zlib --enable-libstdcxx-time=yes --enable-stage1-checking --enable-checking=release --enable-lto --with-build-config=bootstrap-debug --disable-werror --with-pkgversion='Homebrew gcc 6.1.0' --with-bugurl=https://github.com/Homebrew/homebrew/issues --enable-plugin --disable-nls --enable-multilib
Thread model: posix
gcc version 6.1.0 (Homebrew gcc 6.1.0) 
Reading specs from /usr/local/Cellar/gcc/6.1.0/lib/gcc/6/gcc/x86_64-apple-darwin15.5.0/6.1.0/../../../libgfortran.spec
rename spec lib to liborig
COLLECT_GCC_OPTIONS='-v' '-o' 'cmTC_ea227' '-mmacosx-version-min=10.11.6' '-shared-libgcc' '-mtune=core2'
COMPILER_PATH=/usr/local/Cellar/gcc/6.1.0/libexec/gcc/x86_64-apple-darwin15.5.0/6.1.0/:/usr/local/Cellar/gcc/6.1.0/libexec/gcc/x86_64-apple-darwin15.5.0/6.1.0/:/usr/local/Cellar/gcc/6.1.0/libexec/gcc/x86_64-apple-darwin15.5.0/:/usr/local/Cellar/gcc/6.1.0/lib/gcc/6/gcc/x86_64-apple-darwin15.5.0/6.1.0/:/usr/local/Cellar/gcc/6.1.0/lib/gcc/6/gcc/x86_64-apple-darwin15.5.0/
LIBRARY_PATH=/usr/local/Cellar/gcc/6.1.0/lib/gcc/6/gcc/x86_64-apple-darwin15.5.0/6.1.0/:/usr/local/Cellar/gcc/6.1.0/lib/gcc/6/gcc/x86_64-apple-darwin15.5.0/6.1.0/../../../
COLLECT_GCC_OPTIONS='-v' '-o' 'cmTC_ea227' '-mmacosx-version-min=10.11.6' '-shared-libgcc' '-mtune=core2'
 /usr/local/Cellar/gcc/6.1.0/libexec/gcc/x86_64-apple-darwin15.5.0/6.1.0/collect2 -dynamic -arch x86_64 -macosx_version_min 10.11.6 -weak_reference_mismatches non-weak -o cmTC_ea227 -L/usr/local/Cellar/gcc/6.1.0/lib/gcc/6/gcc/x86_64-apple-darwin15.5.0/6.1.0 -L/usr/local/Cellar/gcc/6.1.0/lib/gcc/6/gcc/x86_64-apple-darwin15.5.0/6.1.0/../../.. -v CMakeFiles/cmTC_ea227.dir/CMakeFortranCompilerABI.F.o -lgfortran -no_compact_unwind -lSystem -lgcc_ext.10.5 -lgcc -lquadmath -lm -lgcc_ext.10.5 -lgcc -lSystem -v
collect2 version 6.1.0
/usr/bin/ld -dynamic -arch x86_64 -macosx_version_min 10.11.6 -weak_reference_mismatches non-weak -o cmTC_ea227 -L/usr/local/Cellar/gcc/6.1.0/lib/gcc/6/gcc/x86_64-apple-darwin15.5.0/6.1.0 -L/usr/local/Cellar/gcc/6.1.0/lib/gcc/6/gcc/x86_64-apple-darwin15.5.0/6.1.0/../../.. -v CMakeFiles/cmTC_ea227.dir/CMakeFortranCompilerABI.F.o -lgfortran -no_compact_unwind -lSystem -lgcc_ext.10.5 -lgcc -lquadmath -lm -lgcc_ext.10.5 -lgcc -lSystem -v
@(#)PROGRAM:ld  PROJECT:ld64-264.3.102
configured to support archs: armv6 armv7 armv7s arm64 i386 x86_64 x86_64h armv6m armv7k armv7m armv7em (tvOS)
@(#)PROGRAM:ld  PROJECT:ld64-264.3.102
configured to support archs: armv6 armv7 armv7s arm64 i386 x86_64 x86_64h armv6m armv7k armv7m armv7em (tvOS)
Library search paths:
	/usr/local/Cellar/gcc/6.1.0/lib/gcc/6/gcc/x86_64-apple-darwin15.5.0/6.1.0
	/usr/local/Cellar/gcc/6.1.0/lib/gcc/6
	/usr/lib
	/usr/local/lib
Framework search paths:
	/Library/Frameworks/
	/System/Library/Frameworks/
 /usr/bin/nm -n CMakeFiles/cmTC_ea227.dir/CMakeFortranCompilerABI.F.o
gmake[1]: Leaving directory '/Users/vrajagopal/Documents/cell_migration/sims/opencmiss/Micropipette/build/CMakeFiles/CMakeTmp'


Parsed Fortran implicit link information from above output:
  link line regex: [^( *|.*[/\])(ld|([^/\]+-)?ld|collect2)[^/\]*( |$)]
  ignore line: [Change Dir: /Users/vrajagopal/Documents/cell_migration/sims/opencmiss/Micropipette/build/CMakeFiles/CMakeTmp]
  ignore line: []
  ignore line: [Run Build Command:"/usr/local/bin/gmake" "cmTC_ea227/fast"]
  ignore line: [/usr/local/bin/gmake -f CMakeFiles/cmTC_ea227.dir/build.make CMakeFiles/cmTC_ea227.dir/build]
  ignore line: [gmake[1]: Entering directory '/Users/vrajagopal/Documents/cell_migration/sims/opencmiss/Micropipette/build/CMakeFiles/CMakeTmp']
  ignore line: [Building Fortran object CMakeFiles/cmTC_ea227.dir/CMakeFortranCompilerABI.F.o]
  ignore line: [/usr/local/bin/gfortran     -c /Applications/CMake.app/Contents/share/cmake-3.4/Modules/CMakeFortranCompilerABI.F -o CMakeFiles/cmTC_ea227.dir/CMakeFortranCompilerABI.F.o]
  ignore line: [Linking Fortran executable cmTC_ea227]
  ignore line: [/Applications/CMake.app/Contents/bin/cmake -E cmake_link_script CMakeFiles/cmTC_ea227.dir/link.txt --verbose=1]
  ignore line: [/usr/local/bin/gfortran    -v -Wl,-v   CMakeFiles/cmTC_ea227.dir/CMakeFortranCompilerABI.F.o  -o cmTC_ea227   ]
  ignore line: [Driving: /usr/local/bin/gfortran -v -Wl,-v CMakeFiles/cmTC_ea227.dir/CMakeFortranCompilerABI.F.o -o cmTC_ea227 -mmacosx-version-min=10.11.6 -l gfortran -shared-libgcc]
  ignore line: [Using built-in specs.]
  ignore line: [COLLECT_GCC=/usr/local/bin/gfortran]
  ignore line: [COLLECT_LTO_WRAPPER=/usr/local/Cellar/gcc/6.1.0/libexec/gcc/x86_64-apple-darwin15.5.0/6.1.0/lto-wrapper]
  ignore line: [Target: x86_64-apple-darwin15.5.0]
  ignore line: [Configured with: ../configure --build=x86_64-apple-darwin15.5.0 --prefix=/usr/local/Cellar/gcc/6.1.0 --libdir=/usr/local/Cellar/gcc/6.1.0/lib/gcc/6 --enable-languages=c,c++,objc,obj-c++,fortran --program-suffix=-6 --with-gmp=/usr/local/opt/gmp --with-mpfr=/usr/local/opt/mpfr --with-mpc=/usr/local/opt/libmpc --with-isl=/usr/local/opt/isl --with-system-zlib --enable-libstdcxx-time=yes --enable-stage1-checking --enable-checking=release --enable-lto --with-build-config=bootstrap-debug --disable-werror --with-pkgversion='Homebrew gcc 6.1.0' --with-bugurl=https://github.com/Homebrew/homebrew/issues --enable-plugin --disable-nls --enable-multilib]
  ignore line: [Thread model: posix]
  ignore line: [gcc version 6.1.0 (Homebrew gcc 6.1.0) ]
  ignore line: [Reading specs from /usr/local/Cellar/gcc/6.1.0/lib/gcc/6/gcc/x86_64-apple-darwin15.5.0/6.1.0/../../../libgfortran.spec]
  ignore line: [rename spec lib to liborig]
  ignore line: [COLLECT_GCC_OPTIONS='-v' '-o' 'cmTC_ea227' '-mmacosx-version-min=10.11.6' '-shared-libgcc' '-mtune=core2']
  ignore line: [COMPILER_PATH=/usr/local/Cellar/gcc/6.1.0/libexec/gcc/x86_64-apple-darwin15.5.0/6.1.0/:/usr/local/Cellar/gcc/6.1.0/libexec/gcc/x86_64-apple-darwin15.5.0/6.1.0/:/usr/local/Cellar/gcc/6.1.0/libexec/gcc/x86_64-apple-darwin15.5.0/:/usr/local/Cellar/gcc/6.1.0/lib/gcc/6/gcc/x86_64-apple-darwin15.5.0/6.1.0/:/usr/local/Cellar/gcc/6.1.0/lib/gcc/6/gcc/x86_64-apple-darwin15.5.0/]
  ignore line: [LIBRARY_PATH=/usr/local/Cellar/gcc/6.1.0/lib/gcc/6/gcc/x86_64-apple-darwin15.5.0/6.1.0/:/usr/local/Cellar/gcc/6.1.0/lib/gcc/6/gcc/x86_64-apple-darwin15.5.0/6.1.0/../../../]
  ignore line: [COLLECT_GCC_OPTIONS='-v' '-o' 'cmTC_ea227' '-mmacosx-version-min=10.11.6' '-shared-libgcc' '-mtune=core2']
  link line: [ /usr/local/Cellar/gcc/6.1.0/libexec/gcc/x86_64-apple-darwin15.5.0/6.1.0/collect2 -dynamic -arch x86_64 -macosx_version_min 10.11.6 -weak_reference_mismatches non-weak -o cmTC_ea227 -L/usr/local/Cellar/gcc/6.1.0/lib/gcc/6/gcc/x86_64-apple-darwin15.5.0/6.1.0 -L/usr/local/Cellar/gcc/6.1.0/lib/gcc/6/gcc/x86_64-apple-darwin15.5.0/6.1.0/../../.. -v CMakeFiles/cmTC_ea227.dir/CMakeFortranCompilerABI.F.o -lgfortran -no_compact_unwind -lSystem -lgcc_ext.10.5 -lgcc -lquadmath -lm -lgcc_ext.10.5 -lgcc -lSystem -v]
    arg [/usr/local/Cellar/gcc/6.1.0/libexec/gcc/x86_64-apple-darwin15.5.0/6.1.0/collect2] ==> ignore
    arg [-dynamic] ==> ignore
    arg [-arch] ==> ignore
    arg [x86_64] ==> ignore
    arg [-macosx_version_min] ==> ignore
    arg [10.11.6] ==> ignore
    arg [-weak_reference_mismatches] ==> ignore
    arg [non-weak] ==> ignore
    arg [-o] ==> ignore
    arg [cmTC_ea227] ==> ignore
    arg [-L/usr/local/Cellar/gcc/6.1.0/lib/gcc/6/gcc/x86_64-apple-darwin15.5.0/6.1.0] ==> dir [/usr/local/Cellar/gcc/6.1.0/lib/gcc/6/gcc/x86_64-apple-darwin15.5.0/6.1.0]
    arg [-L/usr/local/Cellar/gcc/6.1.0/lib/gcc/6/gcc/x86_64-apple-darwin15.5.0/6.1.0/../../..] ==> dir [/usr/local/Cellar/gcc/6.1.0/lib/gcc/6/gcc/x86_64-apple-darwin15.5.0/6.1.0/../../..]
    arg [-v] ==> ignore
    arg [CMakeFiles/cmTC_ea227.dir/CMakeFortranCompilerABI.F.o] ==> ignore
    arg [-lgfortran] ==> lib [gfortran]
    arg [-no_compact_unwind] ==> ignore
    arg [-lSystem] ==> lib [System]
    arg [-lgcc_ext.10.5] ==> lib [gcc_ext.10.5]
    arg [-lgcc] ==> lib [gcc]
    arg [-lquadmath] ==> lib [quadmath]
    arg [-lm] ==> lib [m]
    arg [-lgcc_ext.10.5] ==> lib [gcc_ext.10.5]
    arg [-lgcc] ==> lib [gcc]
    arg [-lSystem] ==> lib [System]
    arg [-v] ==> ignore
  Library search paths: [;/usr/local/Cellar/gcc/6.1.0/lib/gcc/6/gcc/x86_64-apple-darwin15.5.0/6.1.0;/usr/local/Cellar/gcc/6.1.0/lib/gcc/6;/usr/lib;/usr/local/lib]
  Framework search paths: [;/Library/Frameworks/;/System/Library/Frameworks/]
  remove lib [System]
  remove lib [gcc_ext.10.5]
  remove lib [gcc]
  remove lib [gcc_ext.10.5]
  remove lib [gcc]
  remove lib [System]
  collapse library dir [/usr/local/Cellar/gcc/6.1.0/lib/gcc/6/gcc/x86_64-apple-darwin15.5.0/6.1.0] ==> [/usr/local/Cellar/gcc/6.1.0/lib/gcc/6/gcc/x86_64-apple-darwin15.5.0/6.1.0]
  collapse library dir [/usr/local/Cellar/gcc/6.1.0/lib/gcc/6/gcc/x86_64-apple-darwin15.5.0/6.1.0/../../..] ==> [/usr/local/Cellar/gcc/6.1.0/lib/gcc/6]
  collapse library dir [/usr/local/Cellar/gcc/6.1.0/lib/gcc/6/gcc/x86_64-apple-darwin15.5.0/6.1.0] ==> [/usr/local/Cellar/gcc/6.1.0/lib/gcc/6/gcc/x86_64-apple-darwin15.5.0/6.1.0]
  collapse library dir [/usr/local/Cellar/gcc/6.1.0/lib/gcc/6] ==> [/usr/local/Cellar/gcc/6.1.0/lib/gcc/6]
  collapse library dir [/usr/lib] ==> [/usr/lib]
  collapse library dir [/usr/local/lib] ==> [/usr/local/lib]
  collapse framework dir [/Library/Frameworks/] ==> [/Library/Frameworks]
  collapse framework dir [/System/Library/Frameworks/] ==> [/System/Library/Frameworks]
  implicit libs: [gfortran;quadmath;m]
  implicit dirs: [/usr/local/Cellar/gcc/6.1.0/lib/gcc/6/gcc/x86_64-apple-darwin15.5.0/6.1.0;/usr/local/Cellar/gcc/6.1.0/lib/gcc/6;/usr/lib;/usr/local/lib]
  implicit fwks: [/Library/Frameworks;/System/Library/Frameworks]


Determining if the Fortran compiler supports Fortran 90 passed with the following output:
Change Dir: /Users/vrajagopal/Documents/cell_migration/sims/opencmiss/Micropipette/build/CMakeFiles/CMakeTmp

Run Build Command:"/usr/local/bin/gmake" "cmTC_bef63/fast"
/usr/local/bin/gmake -f CMakeFiles/cmTC_bef63.dir/build.make CMakeFiles/cmTC_bef63.dir/build
gmake[1]: Entering directory '/Users/vrajagopal/Documents/cell_migration/sims/opencmiss/Micropipette/build/CMakeFiles/CMakeTmp'
Building Fortran object CMakeFiles/cmTC_bef63.dir/testFortranCompilerF90.f90.o
/usr/local/bin/gfortran     -c /Users/vrajagopal/Documents/cell_migration/sims/opencmiss/Micropipette/build/CMakeFiles/CMakeTmp/testFortranCompilerF90.f90 -o CMakeFiles/cmTC_bef63.dir/testFortranCompilerF90.f90.o
Linking Fortran executable cmTC_bef63
/Applications/CMake.app/Contents/bin/cmake -E cmake_link_script CMakeFiles/cmTC_bef63.dir/link.txt --verbose=1
/usr/local/bin/gfortran       CMakeFiles/cmTC_bef63.dir/testFortranCompilerF90.f90.o  -o cmTC_bef63  
gmake[1]: Leaving directory '/Users/vrajagopal/Documents/cell_migration/sims/opencmiss/Micropipette/build/CMakeFiles/CMakeTmp'


Determining if the C compiler works passed with the following output:
Change Dir: /Users/vrajagopal/Documents/cell_migration/sims/opencmiss/Micropipette/build/CMakeFiles/CMakeTmp

Run Build Command:"/usr/local/bin/gmake" "cmTC_5ffb0/fast"
/usr/local/bin/gmake -f CMakeFiles/cmTC_5ffb0.dir/build.make CMakeFiles/cmTC_5ffb0.dir/build
gmake[1]: Entering directory '/Users/vrajagopal/Documents/cell_migration/sims/opencmiss/Micropipette/build/CMakeFiles/CMakeTmp'
Building C object CMakeFiles/cmTC_5ffb0.dir/testCCompiler.c.o
/Applications/Xcode.app/Contents/Developer/Toolchains/XcodeDefault.xctoolchain/usr/bin/cc     -o CMakeFiles/cmTC_5ffb0.dir/testCCompiler.c.o   -c /Users/vrajagopal/Documents/cell_migration/sims/opencmiss/Micropipette/build/CMakeFiles/CMakeTmp/testCCompiler.c
Linking C executable cmTC_5ffb0
/Applications/CMake.app/Contents/bin/cmake -E cmake_link_script CMakeFiles/cmTC_5ffb0.dir/link.txt --verbose=1
/Applications/Xcode.app/Contents/Developer/Toolchains/XcodeDefault.xctoolchain/usr/bin/cc    -Wl,-search_paths_first -Wl,-headerpad_max_install_names   CMakeFiles/cmTC_5ffb0.dir/testCCompiler.c.o  -o cmTC_5ffb0  
gmake[1]: Leaving directory '/Users/vrajagopal/Documents/cell_migration/sims/opencmiss/Micropipette/build/CMakeFiles/CMakeTmp'


Detecting C compiler ABI info compiled with the following output:
Change Dir: /Users/vrajagopal/Documents/cell_migration/sims/opencmiss/Micropipette/build/CMakeFiles/CMakeTmp

Run Build Command:"/usr/local/bin/gmake" "cmTC_0be29/fast"
/usr/local/bin/gmake -f CMakeFiles/cmTC_0be29.dir/build.make CMakeFiles/cmTC_0be29.dir/build
gmake[1]: Entering directory '/Users/vrajagopal/Documents/cell_migration/sims/opencmiss/Micropipette/build/CMakeFiles/CMakeTmp'
Building C object CMakeFiles/cmTC_0be29.dir/CMakeCCompilerABI.c.o
/Applications/Xcode.app/Contents/Developer/Toolchains/XcodeDefault.xctoolchain/usr/bin/cc     -o CMakeFiles/cmTC_0be29.dir/CMakeCCompilerABI.c.o   -c /Applications/CMake.app/Contents/share/cmake-3.4/Modules/CMakeCCompilerABI.c
Linking C executable cmTC_0be29
/Applications/CMake.app/Contents/bin/cmake -E cmake_link_script CMakeFiles/cmTC_0be29.dir/link.txt --verbose=1
/Applications/Xcode.app/Contents/Developer/Toolchains/XcodeDefault.xctoolchain/usr/bin/cc    -Wl,-search_paths_first -Wl,-headerpad_max_install_names  -v -Wl,-v CMakeFiles/cmTC_0be29.dir/CMakeCCompilerABI.c.o  -o cmTC_0be29   
Apple LLVM version 7.3.0 (clang-703.0.31)
Target: x86_64-apple-darwin15.6.0
Thread model: posix
InstalledDir: /Applications/Xcode.app/Contents/Developer/Toolchains/XcodeDefault.xctoolchain/usr/bin
 "/Applications/Xcode.app/Contents/Developer/Toolchains/XcodeDefault.xctoolchain/usr/bin/ld" -demangle -dynamic -arch x86_64 -macosx_version_min 10.11.0 -o cmTC_0be29 -search_paths_first -headerpad_max_install_names -v CMakeFiles/cmTC_0be29.dir/CMakeCCompilerABI.c.o -lSystem /Applications/Xcode.app/Contents/Developer/Toolchains/XcodeDefault.xctoolchain/usr/bin/../lib/clang/7.3.0/lib/darwin/libclang_rt.osx.a
@(#)PROGRAM:ld  PROJECT:ld64-264.3.102
configured to support archs: armv6 armv7 armv7s arm64 i386 x86_64 x86_64h armv6m armv7k armv7m armv7em (tvOS)
Library search paths:
	/usr/lib
	/usr/local/lib
Framework search paths:
	/Library/Frameworks/
	/System/Library/Frameworks/
gmake[1]: Leaving directory '/Users/vrajagopal/Documents/cell_migration/sims/opencmiss/Micropipette/build/CMakeFiles/CMakeTmp'


Parsed C implicit link information from above output:
  link line regex: [^( *|.*[/\])(ld|([^/\]+-)?ld|collect2)[^/\]*( |$)]
  ignore line: [Change Dir: /Users/vrajagopal/Documents/cell_migration/sims/opencmiss/Micropipette/build/CMakeFiles/CMakeTmp]
  ignore line: []
  ignore line: [Run Build Command:"/usr/local/bin/gmake" "cmTC_0be29/fast"]
  ignore line: [/usr/local/bin/gmake -f CMakeFiles/cmTC_0be29.dir/build.make CMakeFiles/cmTC_0be29.dir/build]
  ignore line: [gmake[1]: Entering directory '/Users/vrajagopal/Documents/cell_migration/sims/opencmiss/Micropipette/build/CMakeFiles/CMakeTmp']
  ignore line: [Building C object CMakeFiles/cmTC_0be29.dir/CMakeCCompilerABI.c.o]
  ignore line: [/Applications/Xcode.app/Contents/Developer/Toolchains/XcodeDefault.xctoolchain/usr/bin/cc     -o CMakeFiles/cmTC_0be29.dir/CMakeCCompilerABI.c.o   -c /Applications/CMake.app/Contents/share/cmake-3.4/Modules/CMakeCCompilerABI.c]
  ignore line: [Linking C executable cmTC_0be29]
  ignore line: [/Applications/CMake.app/Contents/bin/cmake -E cmake_link_script CMakeFiles/cmTC_0be29.dir/link.txt --verbose=1]
  ignore line: [/Applications/Xcode.app/Contents/Developer/Toolchains/XcodeDefault.xctoolchain/usr/bin/cc    -Wl,-search_paths_first -Wl,-headerpad_max_install_names  -v -Wl,-v CMakeFiles/cmTC_0be29.dir/CMakeCCompilerABI.c.o  -o cmTC_0be29   ]
  ignore line: [Apple LLVM version 7.3.0 (clang-703.0.31)]
  ignore line: [Target: x86_64-apple-darwin15.6.0]
  ignore line: [Thread model: posix]
  ignore line: [InstalledDir: /Applications/Xcode.app/Contents/Developer/Toolchains/XcodeDefault.xctoolchain/usr/bin]
  link line: [ "/Applications/Xcode.app/Contents/Developer/Toolchains/XcodeDefault.xctoolchain/usr/bin/ld" -demangle -dynamic -arch x86_64 -macosx_version_min 10.11.0 -o cmTC_0be29 -search_paths_first -headerpad_max_install_names -v CMakeFiles/cmTC_0be29.dir/CMakeCCompilerABI.c.o -lSystem /Applications/Xcode.app/Contents/Developer/Toolchains/XcodeDefault.xctoolchain/usr/bin/../lib/clang/7.3.0/lib/darwin/libclang_rt.osx.a]
    arg [/Applications/Xcode.app/Contents/Developer/Toolchains/XcodeDefault.xctoolchain/usr/bin/ld] ==> ignore
    arg [-demangle] ==> ignore
    arg [-dynamic] ==> ignore
    arg [-arch] ==> ignore
    arg [x86_64] ==> ignore
    arg [-macosx_version_min] ==> ignore
    arg [10.11.0] ==> ignore
    arg [-o] ==> ignore
    arg [cmTC_0be29] ==> ignore
    arg [-search_paths_first] ==> ignore
    arg [-headerpad_max_install_names] ==> ignore
    arg [-v] ==> ignore
    arg [CMakeFiles/cmTC_0be29.dir/CMakeCCompilerABI.c.o] ==> ignore
    arg [-lSystem] ==> lib [System]
    arg [/Applications/Xcode.app/Contents/Developer/Toolchains/XcodeDefault.xctoolchain/usr/bin/../lib/clang/7.3.0/lib/darwin/libclang_rt.osx.a] ==> lib [/Applications/Xcode.app/Contents/Developer/Toolchains/XcodeDefault.xctoolchain/usr/bin/../lib/clang/7.3.0/lib/darwin/libclang_rt.osx.a]
  Library search paths: [;/usr/lib;/usr/local/lib]
  Framework search paths: [;/Library/Frameworks/;/System/Library/Frameworks/]
  remove lib [System]
  collapse lib [/Applications/Xcode.app/Contents/Developer/Toolchains/XcodeDefault.xctoolchain/usr/bin/../lib/clang/7.3.0/lib/darwin/libclang_rt.osx.a] ==> [/Applications/Xcode.app/Contents/Developer/Toolchains/XcodeDefault.xctoolchain/usr/lib/clang/7.3.0/lib/darwin/libclang_rt.osx.a]
  collapse library dir [/usr/lib] ==> [/usr/lib]
  collapse library dir [/usr/local/lib] ==> [/usr/local/lib]
  collapse framework dir [/Library/Frameworks/] ==> [/Library/Frameworks]
  collapse framework dir [/System/Library/Frameworks/] ==> [/System/Library/Frameworks]
  implicit libs: [/Applications/Xcode.app/Contents/Developer/Toolchains/XcodeDefault.xctoolchain/usr/lib/clang/7.3.0/lib/darwin/libclang_rt.osx.a]
  implicit dirs: [/usr/lib;/usr/local/lib]
  implicit fwks: [/Library/Frameworks;/System/Library/Frameworks]




Detecting C [-std=c11] compiler features compiled with the following output:
Change Dir: /Users/vrajagopal/Documents/cell_migration/sims/opencmiss/Micropipette/build/CMakeFiles/CMakeTmp

Run Build Command:"/usr/local/bin/gmake" "cmTC_7459d/fast"
/usr/local/bin/gmake -f CMakeFiles/cmTC_7459d.dir/build.make CMakeFiles/cmTC_7459d.dir/build
gmake[1]: Entering directory '/Users/vrajagopal/Documents/cell_migration/sims/opencmiss/Micropipette/build/CMakeFiles/CMakeTmp'
Building C object CMakeFiles/cmTC_7459d.dir/feature_tests.c.o
/Applications/Xcode.app/Contents/Developer/Toolchains/XcodeDefault.xctoolchain/usr/bin/cc    -std=c11 -o CMakeFiles/cmTC_7459d.dir/feature_tests.c.o   -c /Users/vrajagopal/Documents/cell_migration/sims/opencmiss/Micropipette/build/CMakeFiles/feature_tests.c
Linking C executable cmTC_7459d
/Applications/CMake.app/Contents/bin/cmake -E cmake_link_script CMakeFiles/cmTC_7459d.dir/link.txt --verbose=1
/Applications/Xcode.app/Contents/Developer/Toolchains/XcodeDefault.xctoolchain/usr/bin/cc    -Wl,-search_paths_first -Wl,-headerpad_max_install_names   CMakeFiles/cmTC_7459d.dir/feature_tests.c.o  -o cmTC_7459d  
gmake[1]: Leaving directory '/Users/vrajagopal/Documents/cell_migration/sims/opencmiss/Micropipette/build/CMakeFiles/CMakeTmp'


    Feature record: C_FEATURE:1c_function_prototypes
    Feature record: C_FEATURE:1c_restrict
    Feature record: C_FEATURE:1c_static_assert
    Feature record: C_FEATURE:1c_variadic_macros


Detecting C [-std=c99] compiler features compiled with the following output:
Change Dir: /Users/vrajagopal/Documents/cell_migration/sims/opencmiss/Micropipette/build/CMakeFiles/CMakeTmp

Run Build Command:"/usr/local/bin/gmake" "cmTC_3e427/fast"
/usr/local/bin/gmake -f CMakeFiles/cmTC_3e427.dir/build.make CMakeFiles/cmTC_3e427.dir/build
gmake[1]: Entering directory '/Users/vrajagopal/Documents/cell_migration/sims/opencmiss/Micropipette/build/CMakeFiles/CMakeTmp'
Building C object CMakeFiles/cmTC_3e427.dir/feature_tests.c.o
/Applications/Xcode.app/Contents/Developer/Toolchains/XcodeDefault.xctoolchain/usr/bin/cc    -std=c99 -o CMakeFiles/cmTC_3e427.dir/feature_tests.c.o   -c /Users/vrajagopal/Documents/cell_migration/sims/opencmiss/Micropipette/build/CMakeFiles/feature_tests.c
Linking C executable cmTC_3e427
/Applications/CMake.app/Contents/bin/cmake -E cmake_link_script CMakeFiles/cmTC_3e427.dir/link.txt --verbose=1
/Applications/Xcode.app/Contents/Developer/Toolchains/XcodeDefault.xctoolchain/usr/bin/cc    -Wl,-search_paths_first -Wl,-headerpad_max_install_names   CMakeFiles/cmTC_3e427.dir/feature_tests.c.o  -o cmTC_3e427  
gmake[1]: Leaving directory '/Users/vrajagopal/Documents/cell_migration/sims/opencmiss/Micropipette/build/CMakeFiles/CMakeTmp'


    Feature record: C_FEATURE:1c_function_prototypes
    Feature record: C_FEATURE:1c_restrict
    Feature record: C_FEATURE:0c_static_assert
    Feature record: C_FEATURE:1c_variadic_macros


Detecting C [-std=c90] compiler features compiled with the following output:
Change Dir: /Users/vrajagopal/Documents/cell_migration/sims/opencmiss/Micropipette/build/CMakeFiles/CMakeTmp

Run Build Command:"/usr/local/bin/gmake" "cmTC_0c057/fast"
/usr/local/bin/gmake -f CMakeFiles/cmTC_0c057.dir/build.make CMakeFiles/cmTC_0c057.dir/build
gmake[1]: Entering directory '/Users/vrajagopal/Documents/cell_migration/sims/opencmiss/Micropipette/build/CMakeFiles/CMakeTmp'
Building C object CMakeFiles/cmTC_0c057.dir/feature_tests.c.o
/Applications/Xcode.app/Contents/Developer/Toolchains/XcodeDefault.xctoolchain/usr/bin/cc    -std=c90 -o CMakeFiles/cmTC_0c057.dir/feature_tests.c.o   -c /Users/vrajagopal/Documents/cell_migration/sims/opencmiss/Micropipette/build/CMakeFiles/feature_tests.c
Linking C executable cmTC_0c057
/Applications/CMake.app/Contents/bin/cmake -E cmake_link_script CMakeFiles/cmTC_0c057.dir/link.txt --verbose=1
/Applications/Xcode.app/Contents/Developer/Toolchains/XcodeDefault.xctoolchain/usr/bin/cc    -Wl,-search_paths_first -Wl,-headerpad_max_install_names   CMakeFiles/cmTC_0c057.dir/feature_tests.c.o  -o cmTC_0c057  
gmake[1]: Leaving directory '/Users/vrajagopal/Documents/cell_migration/sims/opencmiss/Micropipette/build/CMakeFiles/CMakeTmp'


    Feature record: C_FEATURE:1c_function_prototypes
    Feature record: C_FEATURE:0c_restrict
    Feature record: C_FEATURE:0c_static_assert
    Feature record: C_FEATURE:0c_variadic_macros
Determining if the CXX compiler works passed with the following output:
Change Dir: /Users/vrajagopal/Documents/cell_migration/sims/opencmiss/Micropipette/build/CMakeFiles/CMakeTmp

Run Build Command:"/usr/local/bin/gmake" "cmTC_1c77a/fast"
/usr/local/bin/gmake -f CMakeFiles/cmTC_1c77a.dir/build.make CMakeFiles/cmTC_1c77a.dir/build
gmake[1]: Entering directory '/Users/vrajagopal/Documents/cell_migration/sims/opencmiss/Micropipette/build/CMakeFiles/CMakeTmp'
Building CXX object CMakeFiles/cmTC_1c77a.dir/testCXXCompiler.cxx.o
/Applications/Xcode.app/Contents/Developer/Toolchains/XcodeDefault.xctoolchain/usr/bin/c++      -o CMakeFiles/cmTC_1c77a.dir/testCXXCompiler.cxx.o -c /Users/vrajagopal/Documents/cell_migration/sims/opencmiss/Micropipette/build/CMakeFiles/CMakeTmp/testCXXCompiler.cxx
Linking CXX executable cmTC_1c77a
/Applications/CMake.app/Contents/bin/cmake -E cmake_link_script CMakeFiles/cmTC_1c77a.dir/link.txt --verbose=1
/Applications/Xcode.app/Contents/Developer/Toolchains/XcodeDefault.xctoolchain/usr/bin/c++     -Wl,-search_paths_first -Wl,-headerpad_max_install_names   CMakeFiles/cmTC_1c77a.dir/testCXXCompiler.cxx.o  -o cmTC_1c77a  
gmake[1]: Leaving directory '/Users/vrajagopal/Documents/cell_migration/sims/opencmiss/Micropipette/build/CMakeFiles/CMakeTmp'


Detecting CXX compiler ABI info compiled with the following output:
Change Dir: /Users/vrajagopal/Documents/cell_migration/sims/opencmiss/Micropipette/build/CMakeFiles/CMakeTmp

Run Build Command:"/usr/local/bin/gmake" "cmTC_13299/fast"
/usr/local/bin/gmake -f CMakeFiles/cmTC_13299.dir/build.make CMakeFiles/cmTC_13299.dir/build
gmake[1]: Entering directory '/Users/vrajagopal/Documents/cell_migration/sims/opencmiss/Micropipette/build/CMakeFiles/CMakeTmp'
Building CXX object CMakeFiles/cmTC_13299.dir/CMakeCXXCompilerABI.cpp.o
/Applications/Xcode.app/Contents/Developer/Toolchains/XcodeDefault.xctoolchain/usr/bin/c++      -o CMakeFiles/cmTC_13299.dir/CMakeCXXCompilerABI.cpp.o -c /Applications/CMake.app/Contents/share/cmake-3.4/Modules/CMakeCXXCompilerABI.cpp
Linking CXX executable cmTC_13299
/Applications/CMake.app/Contents/bin/cmake -E cmake_link_script CMakeFiles/cmTC_13299.dir/link.txt --verbose=1
/Applications/Xcode.app/Contents/Developer/Toolchains/XcodeDefault.xctoolchain/usr/bin/c++     -Wl,-search_paths_first -Wl,-headerpad_max_install_names  -v -Wl,-v CMakeFiles/cmTC_13299.dir/CMakeCXXCompilerABI.cpp.o  -o cmTC_13299   
Apple LLVM version 7.3.0 (clang-703.0.31)
Target: x86_64-apple-darwin15.6.0
Thread model: posix
InstalledDir: /Applications/Xcode.app/Contents/Developer/Toolchains/XcodeDefault.xctoolchain/usr/bin
 "/Applications/Xcode.app/Contents/Developer/Toolchains/XcodeDefault.xctoolchain/usr/bin/ld" -demangle -dynamic -arch x86_64 -macosx_version_min 10.11.0 -o cmTC_13299 -search_paths_first -headerpad_max_install_names -v CMakeFiles/cmTC_13299.dir/CMakeCXXCompilerABI.cpp.o -lc++ -lSystem /Applications/Xcode.app/Contents/Developer/Toolchains/XcodeDefault.xctoolchain/usr/bin/../lib/clang/7.3.0/lib/darwin/libclang_rt.osx.a
@(#)PROGRAM:ld  PROJECT:ld64-264.3.102
configured to support archs: armv6 armv7 armv7s arm64 i386 x86_64 x86_64h armv6m armv7k armv7m armv7em (tvOS)
Library search paths:
	/usr/lib
	/usr/local/lib
Framework search paths:
	/Library/Frameworks/
	/System/Library/Frameworks/
gmake[1]: Leaving directory '/Users/vrajagopal/Documents/cell_migration/sims/opencmiss/Micropipette/build/CMakeFiles/CMakeTmp'


Parsed CXX implicit link information from above output:
  link line regex: [^( *|.*[/\])(ld|([^/\]+-)?ld|collect2)[^/\]*( |$)]
  ignore line: [Change Dir: /Users/vrajagopal/Documents/cell_migration/sims/opencmiss/Micropipette/build/CMakeFiles/CMakeTmp]
  ignore line: []
  ignore line: [Run Build Command:"/usr/local/bin/gmake" "cmTC_13299/fast"]
  ignore line: [/usr/local/bin/gmake -f CMakeFiles/cmTC_13299.dir/build.make CMakeFiles/cmTC_13299.dir/build]
  ignore line: [gmake[1]: Entering directory '/Users/vrajagopal/Documents/cell_migration/sims/opencmiss/Micropipette/build/CMakeFiles/CMakeTmp']
  ignore line: [Building CXX object CMakeFiles/cmTC_13299.dir/CMakeCXXCompilerABI.cpp.o]
  ignore line: [/Applications/Xcode.app/Contents/Developer/Toolchains/XcodeDefault.xctoolchain/usr/bin/c++      -o CMakeFiles/cmTC_13299.dir/CMakeCXXCompilerABI.cpp.o -c /Applications/CMake.app/Contents/share/cmake-3.4/Modules/CMakeCXXCompilerABI.cpp]
  ignore line: [Linking CXX executable cmTC_13299]
  ignore line: [/Applications/CMake.app/Contents/bin/cmake -E cmake_link_script CMakeFiles/cmTC_13299.dir/link.txt --verbose=1]
  ignore line: [/Applications/Xcode.app/Contents/Developer/Toolchains/XcodeDefault.xctoolchain/usr/bin/c++     -Wl,-search_paths_first -Wl,-headerpad_max_install_names  -v -Wl,-v CMakeFiles/cmTC_13299.dir/CMakeCXXCompilerABI.cpp.o  -o cmTC_13299   ]
  ignore line: [Apple LLVM version 7.3.0 (clang-703.0.31)]
  ignore line: [Target: x86_64-apple-darwin15.6.0]
  ignore line: [Thread model: posix]
  ignore line: [InstalledDir: /Applications/Xcode.app/Contents/Developer/Toolchains/XcodeDefault.xctoolchain/usr/bin]
  link line: [ "/Applications/Xcode.app/Contents/Developer/Toolchains/XcodeDefault.xctoolchain/usr/bin/ld" -demangle -dynamic -arch x86_64 -macosx_version_min 10.11.0 -o cmTC_13299 -search_paths_first -headerpad_max_install_names -v CMakeFiles/cmTC_13299.dir/CMakeCXXCompilerABI.cpp.o -lc++ -lSystem /Applications/Xcode.app/Contents/Developer/Toolchains/XcodeDefault.xctoolchain/usr/bin/../lib/clang/7.3.0/lib/darwin/libclang_rt.osx.a]
    arg [/Applications/Xcode.app/Contents/Developer/Toolchains/XcodeDefault.xctoolchain/usr/bin/ld] ==> ignore
    arg [-demangle] ==> ignore
    arg [-dynamic] ==> ignore
    arg [-arch] ==> ignore
    arg [x86_64] ==> ignore
    arg [-macosx_version_min] ==> ignore
    arg [10.11.0] ==> ignore
    arg [-o] ==> ignore
    arg [cmTC_13299] ==> ignore
    arg [-search_paths_first] ==> ignore
    arg [-headerpad_max_install_names] ==> ignore
    arg [-v] ==> ignore
    arg [CMakeFiles/cmTC_13299.dir/CMakeCXXCompilerABI.cpp.o] ==> ignore
    arg [-lc++] ==> lib [c++]
    arg [-lSystem] ==> lib [System]
    arg [/Applications/Xcode.app/Contents/Developer/Toolchains/XcodeDefault.xctoolchain/usr/bin/../lib/clang/7.3.0/lib/darwin/libclang_rt.osx.a] ==> lib [/Applications/Xcode.app/Contents/Developer/Toolchains/XcodeDefault.xctoolchain/usr/bin/../lib/clang/7.3.0/lib/darwin/libclang_rt.osx.a]
  Library search paths: [;/usr/lib;/usr/local/lib]
  Framework search paths: [;/Library/Frameworks/;/System/Library/Frameworks/]
  remove lib [System]
  collapse lib [/Applications/Xcode.app/Contents/Developer/Toolchains/XcodeDefault.xctoolchain/usr/bin/../lib/clang/7.3.0/lib/darwin/libclang_rt.osx.a] ==> [/Applications/Xcode.app/Contents/Developer/Toolchains/XcodeDefault.xctoolchain/usr/lib/clang/7.3.0/lib/darwin/libclang_rt.osx.a]
  collapse library dir [/usr/lib] ==> [/usr/lib]
  collapse library dir [/usr/local/lib] ==> [/usr/local/lib]
  collapse framework dir [/Library/Frameworks/] ==> [/Library/Frameworks]
  collapse framework dir [/System/Library/Frameworks/] ==> [/System/Library/Frameworks]
  implicit libs: [c++;/Applications/Xcode.app/Contents/Developer/Toolchains/XcodeDefault.xctoolchain/usr/lib/clang/7.3.0/lib/darwin/libclang_rt.osx.a]
  implicit dirs: [/usr/lib;/usr/local/lib]
  implicit fwks: [/Library/Frameworks;/System/Library/Frameworks]




Detecting CXX [-std=c++14] compiler features compiled with the following output:
Change Dir: /Users/vrajagopal/Documents/cell_migration/sims/opencmiss/Micropipette/build/CMakeFiles/CMakeTmp

Run Build Command:"/usr/local/bin/gmake" "cmTC_b3ad2/fast"
/usr/local/bin/gmake -f CMakeFiles/cmTC_b3ad2.dir/build.make CMakeFiles/cmTC_b3ad2.dir/build
gmake[1]: Entering directory '/Users/vrajagopal/Documents/cell_migration/sims/opencmiss/Micropipette/build/CMakeFiles/CMakeTmp'
Building CXX object CMakeFiles/cmTC_b3ad2.dir/feature_tests.cxx.o
/Applications/Xcode.app/Contents/Developer/Toolchains/XcodeDefault.xctoolchain/usr/bin/c++     -std=c++14 -o CMakeFiles/cmTC_b3ad2.dir/feature_tests.cxx.o -c /Users/vrajagopal/Documents/cell_migration/sims/opencmiss/Micropipette/build/CMakeFiles/feature_tests.cxx
Linking CXX executable cmTC_b3ad2
/Applications/CMake.app/Contents/bin/cmake -E cmake_link_script CMakeFiles/cmTC_b3ad2.dir/link.txt --verbose=1
/Applications/Xcode.app/Contents/Developer/Toolchains/XcodeDefault.xctoolchain/usr/bin/c++     -Wl,-search_paths_first -Wl,-headerpad_max_install_names   CMakeFiles/cmTC_b3ad2.dir/feature_tests.cxx.o  -o cmTC_b3ad2  
gmake[1]: Leaving directory '/Users/vrajagopal/Documents/cell_migration/sims/opencmiss/Micropipette/build/CMakeFiles/CMakeTmp'


    Feature record: CXX_FEATURE:1cxx_aggregate_default_initializers
    Feature record: CXX_FEATURE:1cxx_alias_templates
    Feature record: CXX_FEATURE:1cxx_alignas
    Feature record: CXX_FEATURE:1cxx_alignof
    Feature record: CXX_FEATURE:1cxx_attributes
    Feature record: CXX_FEATURE:1cxx_attribute_deprecated
    Feature record: CXX_FEATURE:1cxx_auto_type
    Feature record: CXX_FEATURE:1cxx_binary_literals
    Feature record: CXX_FEATURE:1cxx_constexpr
    Feature record: CXX_FEATURE:1cxx_contextual_conversions
    Feature record: CXX_FEATURE:1cxx_decltype
    Feature record: CXX_FEATURE:1cxx_decltype_auto
    Feature record: CXX_FEATURE:1cxx_decltype_incomplete_return_types
    Feature record: CXX_FEATURE:1cxx_default_function_template_args
    Feature record: CXX_FEATURE:1cxx_defaulted_functions
    Feature record: CXX_FEATURE:1cxx_defaulted_move_initializers
    Feature record: CXX_FEATURE:1cxx_delegating_constructors
    Feature record: CXX_FEATURE:1cxx_deleted_functions
    Feature record: CXX_FEATURE:1cxx_digit_separators
    Feature record: CXX_FEATURE:1cxx_enum_forward_declarations
    Feature record: CXX_FEATURE:1cxx_explicit_conversions
    Feature record: CXX_FEATURE:1cxx_extended_friend_declarations
    Feature record: CXX_FEATURE:1cxx_extern_templates
    Feature record: CXX_FEATURE:1cxx_final
    Feature record: CXX_FEATURE:1cxx_func_identifier
    Feature record: CXX_FEATURE:1cxx_generalized_initializers
    Feature record: CXX_FEATURE:1cxx_generic_lambdas
    Feature record: CXX_FEATURE:1cxx_inheriting_constructors
    Feature record: CXX_FEATURE:1cxx_inline_namespaces
    Feature record: CXX_FEATURE:1cxx_lambdas
    Feature record: CXX_FEATURE:1cxx_lambda_init_captures
    Feature record: CXX_FEATURE:1cxx_local_type_template_args
    Feature record: CXX_FEATURE:1cxx_long_long_type
    Feature record: CXX_FEATURE:1cxx_noexcept
    Feature record: CXX_FEATURE:1cxx_nonstatic_member_init
    Feature record: CXX_FEATURE:1cxx_nullptr
    Feature record: CXX_FEATURE:1cxx_override
    Feature record: CXX_FEATURE:1cxx_range_for
    Feature record: CXX_FEATURE:1cxx_raw_string_literals
    Feature record: CXX_FEATURE:1cxx_reference_qualified_functions
    Feature record: CXX_FEATURE:1cxx_relaxed_constexpr
    Feature record: CXX_FEATURE:1cxx_return_type_deduction
    Feature record: CXX_FEATURE:1cxx_right_angle_brackets
    Feature record: CXX_FEATURE:1cxx_rvalue_references
    Feature record: CXX_FEATURE:1cxx_sizeof_member
    Feature record: CXX_FEATURE:1cxx_static_assert
    Feature record: CXX_FEATURE:1cxx_strong_enums
    Feature record: CXX_FEATURE:1cxx_template_template_parameters
    Feature record: CXX_FEATURE:0cxx_thread_local
    Feature record: CXX_FEATURE:1cxx_trailing_return_types
    Feature record: CXX_FEATURE:1cxx_unicode_literals
    Feature record: CXX_FEATURE:1cxx_uniform_initialization
    Feature record: CXX_FEATURE:1cxx_unrestricted_unions
    Feature record: CXX_FEATURE:1cxx_user_literals
    Feature record: CXX_FEATURE:1cxx_variable_templates
    Feature record: CXX_FEATURE:1cxx_variadic_macros
    Feature record: CXX_FEATURE:1cxx_variadic_templates


Detecting CXX [-std=c++11] compiler features compiled with the following output:
Change Dir: /Users/vrajagopal/Documents/cell_migration/sims/opencmiss/Micropipette/build/CMakeFiles/CMakeTmp

Run Build Command:"/usr/local/bin/gmake" "cmTC_b3a9d/fast"
/usr/local/bin/gmake -f CMakeFiles/cmTC_b3a9d.dir/build.make CMakeFiles/cmTC_b3a9d.dir/build
gmake[1]: Entering directory '/Users/vrajagopal/Documents/cell_migration/sims/opencmiss/Micropipette/build/CMakeFiles/CMakeTmp'
Building CXX object CMakeFiles/cmTC_b3a9d.dir/feature_tests.cxx.o
/Applications/Xcode.app/Contents/Developer/Toolchains/XcodeDefault.xctoolchain/usr/bin/c++     -std=c++11 -o CMakeFiles/cmTC_b3a9d.dir/feature_tests.cxx.o -c /Users/vrajagopal/Documents/cell_migration/sims/opencmiss/Micropipette/build/CMakeFiles/feature_tests.cxx
Linking CXX executable cmTC_b3a9d
/Applications/CMake.app/Contents/bin/cmake -E cmake_link_script CMakeFiles/cmTC_b3a9d.dir/link.txt --verbose=1
/Applications/Xcode.app/Contents/Developer/Toolchains/XcodeDefault.xctoolchain/usr/bin/c++     -Wl,-search_paths_first -Wl,-headerpad_max_install_names   CMakeFiles/cmTC_b3a9d.dir/feature_tests.cxx.o  -o cmTC_b3a9d  
gmake[1]: Leaving directory '/Users/vrajagopal/Documents/cell_migration/sims/opencmiss/Micropipette/build/CMakeFiles/CMakeTmp'


    Feature record: CXX_FEATURE:0cxx_aggregate_default_initializers
    Feature record: CXX_FEATURE:1cxx_alias_templates
    Feature record: CXX_FEATURE:1cxx_alignas
    Feature record: CXX_FEATURE:1cxx_alignof
    Feature record: CXX_FEATURE:1cxx_attributes
    Feature record: CXX_FEATURE:0cxx_attribute_deprecated
    Feature record: CXX_FEATURE:1cxx_auto_type
    Feature record: CXX_FEATURE:0cxx_binary_literals
    Feature record: CXX_FEATURE:1cxx_constexpr
    Feature record: CXX_FEATURE:0cxx_contextual_conversions
    Feature record: CXX_FEATURE:1cxx_decltype
    Feature record: CXX_FEATURE:0cxx_decltype_auto
    Feature record: CXX_FEATURE:1cxx_decltype_incomplete_return_types
    Feature record: CXX_FEATURE:1cxx_default_function_template_args
    Feature record: CXX_FEATURE:1cxx_defaulted_functions
    Feature record: CXX_FEATURE:1cxx_defaulted_move_initializers
    Feature record: CXX_FEATURE:1cxx_delegating_constructors
    Feature record: CXX_FEATURE:1cxx_deleted_functions
    Feature record: CXX_FEATURE:0cxx_digit_separators
    Feature record: CXX_FEATURE:1cxx_enum_forward_declarations
    Feature record: CXX_FEATURE:1cxx_explicit_conversions
    Feature record: CXX_FEATURE:1cxx_extended_friend_declarations
    Feature record: CXX_FEATURE:1cxx_extern_templates
    Feature record: CXX_FEATURE:1cxx_final
    Feature record: CXX_FEATURE:1cxx_func_identifier
    Feature record: CXX_FEATURE:1cxx_generalized_initializers
    Feature record: CXX_FEATURE:0cxx_generic_lambdas
    Feature record: CXX_FEATURE:1cxx_inheriting_constructors
    Feature record: CXX_FEATURE:1cxx_inline_namespaces
    Feature record: CXX_FEATURE:1cxx_lambdas
    Feature record: CXX_FEATURE:0cxx_lambda_init_captures
    Feature record: CXX_FEATURE:1cxx_local_type_template_args
    Feature record: CXX_FEATURE:1cxx_long_long_type
    Feature record: CXX_FEATURE:1cxx_noexcept
    Feature record: CXX_FEATURE:1cxx_nonstatic_member_init
    Feature record: CXX_FEATURE:1cxx_nullptr
    Feature record: CXX_FEATURE:1cxx_override
    Feature record: CXX_FEATURE:1cxx_range_for
    Feature record: CXX_FEATURE:1cxx_raw_string_literals
    Feature record: CXX_FEATURE:1cxx_reference_qualified_functions
    Feature record: CXX_FEATURE:0cxx_relaxed_constexpr
    Feature record: CXX_FEATURE:0cxx_return_type_deduction
    Feature record: CXX_FEATURE:1cxx_right_angle_brackets
    Feature record: CXX_FEATURE:1cxx_rvalue_references
    Feature record: CXX_FEATURE:1cxx_sizeof_member
    Feature record: CXX_FEATURE:1cxx_static_assert
    Feature record: CXX_FEATURE:1cxx_strong_enums
    Feature record: CXX_FEATURE:1cxx_template_template_parameters
    Feature record: CXX_FEATURE:0cxx_thread_local
    Feature record: CXX_FEATURE:1cxx_trailing_return_types
    Feature record: CXX_FEATURE:1cxx_unicode_literals
    Feature record: CXX_FEATURE:1cxx_uniform_initialization
    Feature record: CXX_FEATURE:1cxx_unrestricted_unions
    Feature record: CXX_FEATURE:1cxx_user_literals
    Feature record: CXX_FEATURE:0cxx_variable_templates
    Feature record: CXX_FEATURE:1cxx_variadic_macros
    Feature record: CXX_FEATURE:1cxx_variadic_templates


Detecting CXX [-std=c++98] compiler features compiled with the following output:
Change Dir: /Users/vrajagopal/Documents/cell_migration/sims/opencmiss/Micropipette/build/CMakeFiles/CMakeTmp

Run Build Command:"/usr/local/bin/gmake" "cmTC_6fc8c/fast"
/usr/local/bin/gmake -f CMakeFiles/cmTC_6fc8c.dir/build.make CMakeFiles/cmTC_6fc8c.dir/build
gmake[1]: Entering directory '/Users/vrajagopal/Documents/cell_migration/sims/opencmiss/Micropipette/build/CMakeFiles/CMakeTmp'
Building CXX object CMakeFiles/cmTC_6fc8c.dir/feature_tests.cxx.o
/Applications/Xcode.app/Contents/Developer/Toolchains/XcodeDefault.xctoolchain/usr/bin/c++     -std=c++98 -o CMakeFiles/cmTC_6fc8c.dir/feature_tests.cxx.o -c /Users/vrajagopal/Documents/cell_migration/sims/opencmiss/Micropipette/build/CMakeFiles/feature_tests.cxx
Linking CXX executable cmTC_6fc8c
/Applications/CMake.app/Contents/bin/cmake -E cmake_link_script CMakeFiles/cmTC_6fc8c.dir/link.txt --verbose=1
/Applications/Xcode.app/Contents/Developer/Toolchains/XcodeDefault.xctoolchain/usr/bin/c++     -Wl,-search_paths_first -Wl,-headerpad_max_install_names   CMakeFiles/cmTC_6fc8c.dir/feature_tests.cxx.o  -o cmTC_6fc8c  
gmake[1]: Leaving directory '/Users/vrajagopal/Documents/cell_migration/sims/opencmiss/Micropipette/build/CMakeFiles/CMakeTmp'


    Feature record: CXX_FEATURE:0cxx_aggregate_default_initializers
    Feature record: CXX_FEATURE:0cxx_alias_templates
    Feature record: CXX_FEATURE:0cxx_alignas
    Feature record: CXX_FEATURE:0cxx_alignof
    Feature record: CXX_FEATURE:0cxx_attributes
    Feature record: CXX_FEATURE:0cxx_attribute_deprecated
    Feature record: CXX_FEATURE:0cxx_auto_type
    Feature record: CXX_FEATURE:0cxx_binary_literals
    Feature record: CXX_FEATURE:0cxx_constexpr
    Feature record: CXX_FEATURE:0cxx_contextual_conversions
    Feature record: CXX_FEATURE:0cxx_decltype
    Feature record: CXX_FEATURE:0cxx_decltype_auto
    Feature record: CXX_FEATURE:0cxx_decltype_incomplete_return_types
    Feature record: CXX_FEATURE:0cxx_default_function_template_args
    Feature record: CXX_FEATURE:0cxx_defaulted_functions
    Feature record: CXX_FEATURE:0cxx_defaulted_move_initializers
    Feature record: CXX_FEATURE:0cxx_delegating_constructors
    Feature record: CXX_FEATURE:0cxx_deleted_functions
    Feature record: CXX_FEATURE:0cxx_digit_separators
    Feature record: CXX_FEATURE:0cxx_enum_forward_declarations
    Feature record: CXX_FEATURE:0cxx_explicit_conversions
    Feature record: CXX_FEATURE:0cxx_extended_friend_declarations
    Feature record: CXX_FEATURE:0cxx_extern_templates
    Feature record: CXX_FEATURE:0cxx_final
    Feature record: CXX_FEATURE:0cxx_func_identifier
    Feature record: CXX_FEATURE:0cxx_generalized_initializers
    Feature record: CXX_FEATURE:0cxx_generic_lambdas
    Feature record: CXX_FEATURE:0cxx_inheriting_constructors
    Feature record: CXX_FEATURE:0cxx_inline_namespaces
    Feature record: CXX_FEATURE:0cxx_lambdas
    Feature record: CXX_FEATURE:0cxx_lambda_init_captures
    Feature record: CXX_FEATURE:0cxx_local_type_template_args
    Feature record: CXX_FEATURE:0cxx_long_long_type
    Feature record: CXX_FEATURE:0cxx_noexcept
    Feature record: CXX_FEATURE:0cxx_nonstatic_member_init
    Feature record: CXX_FEATURE:0cxx_nullptr
    Feature record: CXX_FEATURE:0cxx_override
    Feature record: CXX_FEATURE:0cxx_range_for
    Feature record: CXX_FEATURE:0cxx_raw_string_literals
    Feature record: CXX_FEATURE:0cxx_reference_qualified_functions
    Feature record: CXX_FEATURE:0cxx_relaxed_constexpr
    Feature record: CXX_FEATURE:0cxx_return_type_deduction
    Feature record: CXX_FEATURE:0cxx_right_angle_brackets
    Feature record: CXX_FEATURE:0cxx_rvalue_references
    Feature record: CXX_FEATURE:0cxx_sizeof_member
    Feature record: CXX_FEATURE:0cxx_static_assert
    Feature record: CXX_FEATURE:0cxx_strong_enums
    Feature record: CXX_FEATURE:1cxx_template_template_parameters
    Feature record: CXX_FEATURE:0cxx_thread_local
    Feature record: CXX_FEATURE:0cxx_trailing_return_types
    Feature record: CXX_FEATURE:0cxx_unicode_literals
    Feature record: CXX_FEATURE:0cxx_uniform_initialization
    Feature record: CXX_FEATURE:0cxx_unrestricted_unions
    Feature record: CXX_FEATURE:0cxx_user_literals
    Feature record: CXX_FEATURE:0cxx_variable_templates
    Feature record: CXX_FEATURE:0cxx_variadic_macros
    Feature record: CXX_FEATURE:0cxx_variadic_templates
Determining if the Fortran dgemm exists passed with the following output:
Change Dir: /Users/vrajagopal/Documents/cell_migration/sims/opencmiss/Micropipette/build/CMakeFiles/CMakeTmp

Run Build Command:"/usr/local/bin/gmake" "cmTC_06094/fast"
/usr/local/bin/gmake -f CMakeFiles/cmTC_06094.dir/build.make CMakeFiles/cmTC_06094.dir/build
gmake[1]: Entering directory '/Users/vrajagopal/Documents/cell_migration/sims/opencmiss/Micropipette/build/CMakeFiles/CMakeTmp'
Building Fortran object CMakeFiles/cmTC_06094.dir/testFortranCompiler.f.o
/usr/local/bin/gfortran     -c /Users/vrajagopal/Documents/cell_migration/sims/opencmiss/Micropipette/build/CMakeFiles/CMakeTmp/testFortranCompiler.f -o CMakeFiles/cmTC_06094.dir/testFortranCompiler.f.o
Linking Fortran executable cmTC_06094
/Applications/CMake.app/Contents/bin/cmake -E cmake_link_script CMakeFiles/cmTC_06094.dir/link.txt --verbose=1
/usr/local/bin/gfortran       CMakeFiles/cmTC_06094.dir/testFortranCompiler.f.o  -o cmTC_06094  -framework Accelerate 
gmake[1]: Leaving directory '/Users/vrajagopal/Documents/cell_migration/sims/opencmiss/Micropipette/build/CMakeFiles/CMakeTmp'


Determining if the include file pthread.h exists passed with the following output:
Change Dir: /Users/vrajagopal/Documents/cell_migration/sims/opencmiss/Micropipette/build/CMakeFiles/CMakeTmp

Run Build Command:"/usr/local/bin/gmake" "cmTC_18a9b/fast"
/usr/local/bin/gmake -f CMakeFiles/cmTC_18a9b.dir/build.make CMakeFiles/cmTC_18a9b.dir/build
gmake[1]: Entering directory '/Users/vrajagopal/Documents/cell_migration/sims/opencmiss/Micropipette/build/CMakeFiles/CMakeTmp'
Building C object CMakeFiles/cmTC_18a9b.dir/CheckIncludeFile.c.o
/Applications/Xcode.app/Contents/Developer/Toolchains/XcodeDefault.xctoolchain/usr/bin/cc     -o CMakeFiles/cmTC_18a9b.dir/CheckIncludeFile.c.o   -c /Users/vrajagopal/Documents/cell_migration/sims/opencmiss/Micropipette/build/CMakeFiles/CMakeTmp/CheckIncludeFile.c
Linking C executable cmTC_18a9b
/Applications/CMake.app/Contents/bin/cmake -E cmake_link_script CMakeFiles/cmTC_18a9b.dir/link.txt --verbose=1
/Applications/Xcode.app/Contents/Developer/Toolchains/XcodeDefault.xctoolchain/usr/bin/cc    -Wl,-search_paths_first -Wl,-headerpad_max_install_names   CMakeFiles/cmTC_18a9b.dir/CheckIncludeFile.c.o  -o cmTC_18a9b  
gmake[1]: Leaving directory '/Users/vrajagopal/Documents/cell_migration/sims/opencmiss/Micropipette/build/CMakeFiles/CMakeTmp'


Determining if the pthread_create exist passed with the following output:
Change Dir: /Users/vrajagopal/Documents/cell_migration/sims/opencmiss/Micropipette/build/CMakeFiles/CMakeTmp

Run Build Command:"/usr/local/bin/gmake" "cmTC_a6239/fast"
/usr/local/bin/gmake -f CMakeFiles/cmTC_a6239.dir/build.make CMakeFiles/cmTC_a6239.dir/build
gmake[1]: Entering directory '/Users/vrajagopal/Documents/cell_migration/sims/opencmiss/Micropipette/build/CMakeFiles/CMakeTmp'
Building C object CMakeFiles/cmTC_a6239.dir/CheckSymbolExists.c.o
/Applications/Xcode.app/Contents/Developer/Toolchains/XcodeDefault.xctoolchain/usr/bin/cc     -o CMakeFiles/cmTC_a6239.dir/CheckSymbolExists.c.o   -c /Users/vrajagopal/Documents/cell_migration/sims/opencmiss/Micropipette/build/CMakeFiles/CMakeTmp/CheckSymbolExists.c
Linking C executable cmTC_a6239
/Applications/CMake.app/Contents/bin/cmake -E cmake_link_script CMakeFiles/cmTC_a6239.dir/link.txt --verbose=1
/Applications/Xcode.app/Contents/Developer/Toolchains/XcodeDefault.xctoolchain/usr/bin/cc    -Wl,-search_paths_first -Wl,-headerpad_max_install_names   CMakeFiles/cmTC_a6239.dir/CheckSymbolExists.c.o  -o cmTC_a6239  
gmake[1]: Leaving directory '/Users/vrajagopal/Documents/cell_migration/sims/opencmiss/Micropipette/build/CMakeFiles/CMakeTmp'

File /Users/vrajagopal/Documents/cell_migration/sims/opencmiss/Micropipette/build/CMakeFiles/CMakeTmp/CheckSymbolExists.c:
/* */
#include <pthread.h>

int main(int argc, char** argv)
{
  (void)argv;
#ifndef pthread_create
  return ((int*)(&pthread_create))[argc];
#else
  (void)argc;
  return 0;
#endif
}

Determining if the Fortran cheev exists passed with the following output:
Change Dir: /Users/vrajagopal/Documents/cell_migration/sims/opencmiss/Micropipette/build/CMakeFiles/CMakeTmp

Run Build Command:"/usr/local/bin/gmake" "cmTC_67495/fast"
/usr/local/bin/gmake -f CMakeFiles/cmTC_67495.dir/build.make CMakeFiles/cmTC_67495.dir/build
gmake[1]: Entering directory '/Users/vrajagopal/Documents/cell_migration/sims/opencmiss/Micropipette/build/CMakeFiles/CMakeTmp'
Building Fortran object CMakeFiles/cmTC_67495.dir/testFortranCompiler.f.o
/usr/local/bin/gfortran     -c /Users/vrajagopal/Documents/cell_migration/sims/opencmiss/Micropipette/build/CMakeFiles/CMakeTmp/testFortranCompiler.f -o CMakeFiles/cmTC_67495.dir/testFortranCompiler.f.o
Linking Fortran executable cmTC_67495
/Applications/CMake.app/Contents/bin/cmake -E cmake_link_script CMakeFiles/cmTC_67495.dir/link.txt --verbose=1
/usr/local/bin/gfortran       CMakeFiles/cmTC_67495.dir/testFortranCompiler.f.o  -o cmTC_67495  -framework Accelerate -framework Accelerate 
gmake[1]: Leaving directory '/Users/vrajagopal/Documents/cell_migration/sims/opencmiss/Micropipette/build/CMakeFiles/CMakeTmp'


Determining if the function XOpenDisplay exists in the /opt/local/lib/libX11.dylib;/opt/local/lib/libXext.dylib passed with the following output:
Change Dir: /Users/vrajagopal/Documents/cell_migration/sims/opencmiss/Micropipette/build/CMakeFiles/CMakeTmp

Run Build Command:"/usr/local/bin/gmake" "cmTC_06dc8/fast"
/usr/local/bin/gmake -f CMakeFiles/cmTC_06dc8.dir/build.make CMakeFiles/cmTC_06dc8.dir/build
gmake[1]: Entering directory '/Users/vrajagopal/Documents/cell_migration/sims/opencmiss/Micropipette/build/CMakeFiles/CMakeTmp'
Building C object CMakeFiles/cmTC_06dc8.dir/CheckFunctionExists.c.o
/Applications/Xcode.app/Contents/Developer/Toolchains/XcodeDefault.xctoolchain/usr/bin/cc    -DCHECK_FUNCTION_EXISTS=XOpenDisplay   -o CMakeFiles/cmTC_06dc8.dir/CheckFunctionExists.c.o   -c /Applications/CMake.app/Contents/share/cmake-3.4/Modules/CheckFunctionExists.c
Linking C executable cmTC_06dc8
/Applications/CMake.app/Contents/bin/cmake -E cmake_link_script CMakeFiles/cmTC_06dc8.dir/link.txt --verbose=1
/Applications/Xcode.app/Contents/Developer/Toolchains/XcodeDefault.xctoolchain/usr/bin/cc   -DCHECK_FUNCTION_EXISTS=XOpenDisplay -Wl,-search_paths_first -Wl,-headerpad_max_install_names   CMakeFiles/cmTC_06dc8.dir/CheckFunctionExists.c.o  -o cmTC_06dc8  -L/opt/local/lib  /opt/local/lib/libX11.dylib /opt/local/lib/libXext.dylib -Wl,-rpath,/opt/local/lib 
gmake[1]: Leaving directory '/Users/vrajagopal/Documents/cell_migration/sims/opencmiss/Micropipette/build/CMakeFiles/CMakeTmp'


Determining if the function gethostbyname exists passed with the following output:
Change Dir: /Users/vrajagopal/Documents/cell_migration/sims/opencmiss/Micropipette/build/CMakeFiles/CMakeTmp

Run Build Command:"/usr/local/bin/gmake" "cmTC_00e81/fast"
/usr/local/bin/gmake -f CMakeFiles/cmTC_00e81.dir/build.make CMakeFiles/cmTC_00e81.dir/build
gmake[1]: Entering directory '/Users/vrajagopal/Documents/cell_migration/sims/opencmiss/Micropipette/build/CMakeFiles/CMakeTmp'
Building C object CMakeFiles/cmTC_00e81.dir/CheckFunctionExists.c.o
/Applications/Xcode.app/Contents/Developer/Toolchains/XcodeDefault.xctoolchain/usr/bin/cc    -DCHECK_FUNCTION_EXISTS=gethostbyname   -o CMakeFiles/cmTC_00e81.dir/CheckFunctionExists.c.o   -c /Applications/CMake.app/Contents/share/cmake-3.4/Modules/CheckFunctionExists.c
Linking C executable cmTC_00e81
/Applications/CMake.app/Contents/bin/cmake -E cmake_link_script CMakeFiles/cmTC_00e81.dir/link.txt --verbose=1
/Applications/Xcode.app/Contents/Developer/Toolchains/XcodeDefault.xctoolchain/usr/bin/cc   -DCHECK_FUNCTION_EXISTS=gethostbyname -Wl,-search_paths_first -Wl,-headerpad_max_install_names   CMakeFiles/cmTC_00e81.dir/CheckFunctionExists.c.o  -o cmTC_00e81  
gmake[1]: Leaving directory '/Users/vrajagopal/Documents/cell_migration/sims/opencmiss/Micropipette/build/CMakeFiles/CMakeTmp'


Determining if the function connect exists passed with the following output:
Change Dir: /Users/vrajagopal/Documents/cell_migration/sims/opencmiss/Micropipette/build/CMakeFiles/CMakeTmp

Run Build Command:"/usr/local/bin/gmake" "cmTC_d1a73/fast"
/usr/local/bin/gmake -f CMakeFiles/cmTC_d1a73.dir/build.make CMakeFiles/cmTC_d1a73.dir/build
gmake[1]: Entering directory '/Users/vrajagopal/Documents/cell_migration/sims/opencmiss/Micropipette/build/CMakeFiles/CMakeTmp'
Building C object CMakeFiles/cmTC_d1a73.dir/CheckFunctionExists.c.o
/Applications/Xcode.app/Contents/Developer/Toolchains/XcodeDefault.xctoolchain/usr/bin/cc    -DCHECK_FUNCTION_EXISTS=connect   -o CMakeFiles/cmTC_d1a73.dir/CheckFunctionExists.c.o   -c /Applications/CMake.app/Contents/share/cmake-3.4/Modules/CheckFunctionExists.c
Linking C executable cmTC_d1a73
/Applications/CMake.app/Contents/bin/cmake -E cmake_link_script CMakeFiles/cmTC_d1a73.dir/link.txt --verbose=1
/Applications/Xcode.app/Contents/Developer/Toolchains/XcodeDefault.xctoolchain/usr/bin/cc   -DCHECK_FUNCTION_EXISTS=connect -Wl,-search_paths_first -Wl,-headerpad_max_install_names   CMakeFiles/cmTC_d1a73.dir/CheckFunctionExists.c.o  -o cmTC_d1a73  
gmake[1]: Leaving directory '/Users/vrajagopal/Documents/cell_migration/sims/opencmiss/Micropipette/build/CMakeFiles/CMakeTmp'


Determining if the function remove exists passed with the following output:
Change Dir: /Users/vrajagopal/Documents/cell_migration/sims/opencmiss/Micropipette/build/CMakeFiles/CMakeTmp

Run Build Command:"/usr/local/bin/gmake" "cmTC_522d6/fast"
/usr/local/bin/gmake -f CMakeFiles/cmTC_522d6.dir/build.make CMakeFiles/cmTC_522d6.dir/build
gmake[1]: Entering directory '/Users/vrajagopal/Documents/cell_migration/sims/opencmiss/Micropipette/build/CMakeFiles/CMakeTmp'
Building C object CMakeFiles/cmTC_522d6.dir/CheckFunctionExists.c.o
/Applications/Xcode.app/Contents/Developer/Toolchains/XcodeDefault.xctoolchain/usr/bin/cc    -DCHECK_FUNCTION_EXISTS=remove   -o CMakeFiles/cmTC_522d6.dir/CheckFunctionExists.c.o   -c /Applications/CMake.app/Contents/share/cmake-3.4/Modules/CheckFunctionExists.c
Linking C executable cmTC_522d6
/Applications/CMake.app/Contents/bin/cmake -E cmake_link_script CMakeFiles/cmTC_522d6.dir/link.txt --verbose=1
/Applications/Xcode.app/Contents/Developer/Toolchains/XcodeDefault.xctoolchain/usr/bin/cc   -DCHECK_FUNCTION_EXISTS=remove -Wl,-search_paths_first -Wl,-headerpad_max_install_names   CMakeFiles/cmTC_522d6.dir/CheckFunctionExists.c.o  -o cmTC_522d6  
gmake[1]: Leaving directory '/Users/vrajagopal/Documents/cell_migration/sims/opencmiss/Micropipette/build/CMakeFiles/CMakeTmp'


Determining if the function shmat exists passed with the following output:
Change Dir: /Users/vrajagopal/Documents/cell_migration/sims/opencmiss/Micropipette/build/CMakeFiles/CMakeTmp

Run Build Command:"/usr/local/bin/gmake" "cmTC_7ada5/fast"
/usr/local/bin/gmake -f CMakeFiles/cmTC_7ada5.dir/build.make CMakeFiles/cmTC_7ada5.dir/build
gmake[1]: Entering directory '/Users/vrajagopal/Documents/cell_migration/sims/opencmiss/Micropipette/build/CMakeFiles/CMakeTmp'
Building C object CMakeFiles/cmTC_7ada5.dir/CheckFunctionExists.c.o
/Applications/Xcode.app/Contents/Developer/Toolchains/XcodeDefault.xctoolchain/usr/bin/cc    -DCHECK_FUNCTION_EXISTS=shmat   -o CMakeFiles/cmTC_7ada5.dir/CheckFunctionExists.c.o   -c /Applications/CMake.app/Contents/share/cmake-3.4/Modules/CheckFunctionExists.c
Linking C executable cmTC_7ada5
/Applications/CMake.app/Contents/bin/cmake -E cmake_link_script CMakeFiles/cmTC_7ada5.dir/link.txt --verbose=1
/Applications/Xcode.app/Contents/Developer/Toolchains/XcodeDefault.xctoolchain/usr/bin/cc   -DCHECK_FUNCTION_EXISTS=shmat -Wl,-search_paths_first -Wl,-headerpad_max_install_names   CMakeFiles/cmTC_7ada5.dir/CheckFunctionExists.c.o  -o cmTC_7ada5  
gmake[1]: Leaving directory '/Users/vrajagopal/Documents/cell_migration/sims/opencmiss/Micropipette/build/CMakeFiles/CMakeTmp'


Determining if the function IceConnectionNumber exists in the ICE passed with the following output:
Change Dir: /Users/vrajagopal/Documents/cell_migration/sims/opencmiss/Micropipette/build/CMakeFiles/CMakeTmp

Run Build Command:"/usr/local/bin/gmake" "cmTC_04b57/fast"
/usr/local/bin/gmake -f CMakeFiles/cmTC_04b57.dir/build.make CMakeFiles/cmTC_04b57.dir/build
gmake[1]: Entering directory '/Users/vrajagopal/Documents/cell_migration/sims/opencmiss/Micropipette/build/CMakeFiles/CMakeTmp'
Building C object CMakeFiles/cmTC_04b57.dir/CheckFunctionExists.c.o
/Applications/Xcode.app/Contents/Developer/Toolchains/XcodeDefault.xctoolchain/usr/bin/cc    -DCHECK_FUNCTION_EXISTS=IceConnectionNumber   -o CMakeFiles/cmTC_04b57.dir/CheckFunctionExists.c.o   -c /Applications/CMake.app/Contents/share/cmake-3.4/Modules/CheckFunctionExists.c
Linking C executable cmTC_04b57
/Applications/CMake.app/Contents/bin/cmake -E cmake_link_script CMakeFiles/cmTC_04b57.dir/link.txt --verbose=1
/Applications/Xcode.app/Contents/Developer/Toolchains/XcodeDefault.xctoolchain/usr/bin/cc   -DCHECK_FUNCTION_EXISTS=IceConnectionNumber -Wl,-search_paths_first -Wl,-headerpad_max_install_names   CMakeFiles/cmTC_04b57.dir/CheckFunctionExists.c.o  -o cmTC_04b57  -L/opt/local/lib  -lICE -Wl,-rpath,/opt/local/lib 
gmake[1]: Leaving directory '/Users/vrajagopal/Documents/cell_migration/sims/opencmiss/Micropipette/build/CMakeFiles/CMakeTmp'


Performing Fortran SOURCE FILE Test MPI_Fortran_MODULE_COMPATIBLE succeded with the following output:
Change Dir: /Users/vrajagopal/Documents/cell_migration/sims/opencmiss/Micropipette/build/CMakeFiles/CMakeTmp

Run Build Command:"/usr/local/bin/gmake" "cmTC_5b28f/fast"
/usr/local/bin/gmake -f CMakeFiles/cmTC_5b28f.dir/build.make CMakeFiles/cmTC_5b28f.dir/build
gmake[1]: Entering directory '/Users/vrajagopal/Documents/cell_migration/sims/opencmiss/Micropipette/build/CMakeFiles/CMakeTmp'
Building Fortran object CMakeFiles/cmTC_5b28f.dir/src.F.o
/usr/local/bin/gfortran   -I/Users/vrajagopal/opencmiss/install/x86_64_darwin/clang-7.3-F6.1/mpi/openmpi/debug/include -I/Users/vrajagopal/opencmiss/install/x86_64_darwin/clang-7.3-F6.1/mpi/openmpi/debug/lib  -DMPI_Fortran_MODULE_COMPATIBLE   -c /Users/vrajagopal/Documents/cell_migration/sims/opencmiss/Micropipette/build/CMakeFiles/CMakeTmp/src.F -o CMakeFiles/cmTC_5b28f.dir/src.F.o
Linking Fortran executable cmTC_5b28f
/Applications/CMake.app/Contents/bin/cmake -E cmake_link_script CMakeFiles/cmTC_5b28f.dir/link.txt --verbose=1
/usr/local/bin/gfortran      -DMPI_Fortran_MODULE_COMPATIBLE CMakeFiles/cmTC_5b28f.dir/src.F.o  -o cmTC_5b28f  /Users/vrajagopal/opencmiss/install/x86_64_darwin/clang-7.3-F6.1/mpi/openmpi/debug/lib/libmpi_usempif08.dylib /Users/vrajagopal/opencmiss/install/x86_64_darwin/clang-7.3-F6.1/mpi/openmpi/debug/lib/libmpi_usempi_ignore_tkr.a /Users/vrajagopal/opencmiss/install/x86_64_darwin/clang-7.3-F6.1/mpi/openmpi/debug/lib/libmpi_mpifh.dylib /Users/vrajagopal/opencmiss/install/x86_64_darwin/clang-7.3-F6.1/mpi/openmpi/debug/lib/libmpi.dylib 
gmake[1]: Leaving directory '/Users/vrajagopal/Documents/cell_migration/sims/opencmiss/Micropipette/build/CMakeFiles/CMakeTmp'

Source file was:
	program test_mpi_module
                    	use mpi
                    	end program test_mpi_module
